<?xml version="1.0" encoding="UTF-8"?>
<testsuites name="jest tests" tests="410" failures="191" errors="0" time="499.002">
  <testsuite name="Database Configuration Tests" errors="0" failures="10" skipped="0" timestamp="2025-11-25T23:06:45" time="72.464" tests="10">
    <testcase classname="Database Configuration Tests Database Connection should connect to database successfully" name="Database Configuration Tests Database Connection should connect to database successfully" time="1.162">
      <failure>PrismaClientInitializationError: Can&apos;t reach database server at `localhost:5432`

Please make sure your database server is running at `localhost:5432`.
    at t (D:\ - 2025 - 22.06- copy C\_AA_Postfach 01.01.2025\03.07.2025 Arbeit 02.11.2025\JurisMind - Mietrecht 01\services\backend\node_modules\@prisma\client\runtime\library.js:112:2488)
    at Object.&lt;anonymous&gt; (D:\ - 2025 - 22.06- copy C\_AA_Postfach 01.01.2025\03.07.2025 Arbeit 02.11.2025\JurisMind - Mietrecht 01\services\backend\src\tests\database.test.ts:16:5)</failure>
    </testcase>
    <testcase classname="Database Configuration Tests Database Connection should execute raw queries" name="Database Configuration Tests Database Connection should execute raw queries" time="0">
      <failure>PrismaClientInitializationError: Can&apos;t reach database server at `localhost:5432`

Please make sure your database server is running at `localhost:5432`.
    at t (D:\ - 2025 - 22.06- copy C\_AA_Postfach 01.01.2025\03.07.2025 Arbeit 02.11.2025\JurisMind - Mietrecht 01\services\backend\node_modules\@prisma\client\runtime\library.js:112:2488)
    at Object.&lt;anonymous&gt; (D:\ - 2025 - 22.06- copy C\_AA_Postfach 01.01.2025\03.07.2025 Arbeit 02.11.2025\JurisMind - Mietrecht 01\services\backend\src\tests\database.test.ts:16:5)</failure>
    </testcase>
    <testcase classname="Database Configuration Tests Database Schema should have all required tables" name="Database Configuration Tests Database Schema should have all required tables" time="0">
      <failure>PrismaClientInitializationError: Can&apos;t reach database server at `localhost:5432`

Please make sure your database server is running at `localhost:5432`.
    at t (D:\ - 2025 - 22.06- copy C\_AA_Postfach 01.01.2025\03.07.2025 Arbeit 02.11.2025\JurisMind - Mietrecht 01\services\backend\node_modules\@prisma\client\runtime\library.js:112:2488)
    at Object.&lt;anonymous&gt; (D:\ - 2025 - 22.06- copy C\_AA_Postfach 01.01.2025\03.07.2025 Arbeit 02.11.2025\JurisMind - Mietrecht 01\services\backend\src\tests\database.test.ts:16:5)</failure>
    </testcase>
    <testcase classname="Database Configuration Tests Database Schema should have proper indexes" name="Database Configuration Tests Database Schema should have proper indexes" time="0">
      <failure>PrismaClientInitializationError: Can&apos;t reach database server at `localhost:5432`

Please make sure your database server is running at `localhost:5432`.
    at t (D:\ - 2025 - 22.06- copy C\_AA_Postfach 01.01.2025\03.07.2025 Arbeit 02.11.2025\JurisMind - Mietrecht 01\services\backend\node_modules\@prisma\client\runtime\library.js:112:2488)
    at Object.&lt;anonymous&gt; (D:\ - 2025 - 22.06- copy C\_AA_Postfach 01.01.2025\03.07.2025 Arbeit 02.11.2025\JurisMind - Mietrecht 01\services\backend\src\tests\database.test.ts:16:5)</failure>
    </testcase>
    <testcase classname="Database Configuration Tests Database Operations should create and retrieve user" name="Database Configuration Tests Database Operations should create and retrieve user" time="0">
      <failure>PrismaClientInitializationError: Can&apos;t reach database server at `localhost:5432`

Please make sure your database server is running at `localhost:5432`.
    at t (D:\ - 2025 - 22.06- copy C\_AA_Postfach 01.01.2025\03.07.2025 Arbeit 02.11.2025\JurisMind - Mietrecht 01\services\backend\node_modules\@prisma\client\runtime\library.js:112:2488)
    at Object.&lt;anonymous&gt; (D:\ - 2025 - 22.06- copy C\_AA_Postfach 01.01.2025\03.07.2025 Arbeit 02.11.2025\JurisMind - Mietrecht 01\services\backend\src\tests\database.test.ts:16:5)</failure>
    </testcase>
    <testcase classname="Database Configuration Tests Database Operations should create user with profile and preferences" name="Database Configuration Tests Database Operations should create user with profile and preferences" time="0">
      <failure>PrismaClientInitializationError: Can&apos;t reach database server at `localhost:5432`

Please make sure your database server is running at `localhost:5432`.
    at t (D:\ - 2025 - 22.06- copy C\_AA_Postfach 01.01.2025\03.07.2025 Arbeit 02.11.2025\JurisMind - Mietrecht 01\services\backend\node_modules\@prisma\client\runtime\library.js:112:2488)
    at Object.&lt;anonymous&gt; (D:\ - 2025 - 22.06- copy C\_AA_Postfach 01.01.2025\03.07.2025 Arbeit 02.11.2025\JurisMind - Mietrecht 01\services\backend\src\tests\database.test.ts:16:5)</failure>
    </testcase>
    <testcase classname="Database Configuration Tests Database Operations should enforce unique constraints" name="Database Configuration Tests Database Operations should enforce unique constraints" time="0">
      <failure>PrismaClientInitializationError: Can&apos;t reach database server at `localhost:5432`

Please make sure your database server is running at `localhost:5432`.
    at t (D:\ - 2025 - 22.06- copy C\_AA_Postfach 01.01.2025\03.07.2025 Arbeit 02.11.2025\JurisMind - Mietrecht 01\services\backend\node_modules\@prisma\client\runtime\library.js:112:2488)
    at Object.&lt;anonymous&gt; (D:\ - 2025 - 22.06- copy C\_AA_Postfach 01.01.2025\03.07.2025 Arbeit 02.11.2025\JurisMind - Mietrecht 01\services\backend\src\tests\database.test.ts:16:5)</failure>
    </testcase>
    <testcase classname="Database Configuration Tests Database Operations should handle cascading deletes" name="Database Configuration Tests Database Operations should handle cascading deletes" time="0">
      <failure>PrismaClientInitializationError: Can&apos;t reach database server at `localhost:5432`

Please make sure your database server is running at `localhost:5432`.
    at t (D:\ - 2025 - 22.06- copy C\_AA_Postfach 01.01.2025\03.07.2025 Arbeit 02.11.2025\JurisMind - Mietrecht 01\services\backend\node_modules\@prisma\client\runtime\library.js:112:2488)
    at Object.&lt;anonymous&gt; (D:\ - 2025 - 22.06- copy C\_AA_Postfach 01.01.2025\03.07.2025 Arbeit 02.11.2025\JurisMind - Mietrecht 01\services\backend\src\tests\database.test.ts:16:5)</failure>
    </testcase>
    <testcase classname="Database Configuration Tests Transaction Support should support database transactions" name="Database Configuration Tests Transaction Support should support database transactions" time="0">
      <failure>PrismaClientInitializationError: Can&apos;t reach database server at `localhost:5432`

Please make sure your database server is running at `localhost:5432`.
    at t (D:\ - 2025 - 22.06- copy C\_AA_Postfach 01.01.2025\03.07.2025 Arbeit 02.11.2025\JurisMind - Mietrecht 01\services\backend\node_modules\@prisma\client\runtime\library.js:112:2488)
    at Object.&lt;anonymous&gt; (D:\ - 2025 - 22.06- copy C\_AA_Postfach 01.01.2025\03.07.2025 Arbeit 02.11.2025\JurisMind - Mietrecht 01\services\backend\src\tests\database.test.ts:16:5)</failure>
    </testcase>
    <testcase classname="Database Configuration Tests Transaction Support should rollback failed transactions" name="Database Configuration Tests Transaction Support should rollback failed transactions" time="0.001">
      <failure>PrismaClientInitializationError: Can&apos;t reach database server at `localhost:5432`

Please make sure your database server is running at `localhost:5432`.
    at t (D:\ - 2025 - 22.06- copy C\_AA_Postfach 01.01.2025\03.07.2025 Arbeit 02.11.2025\JurisMind - Mietrecht 01\services\backend\node_modules\@prisma\client\runtime\library.js:112:2488)
    at Object.&lt;anonymous&gt; (D:\ - 2025 - 22.06- copy C\_AA_Postfach 01.01.2025\03.07.2025 Arbeit 02.11.2025\JurisMind - Mietrecht 01\services\backend\src\tests\database.test.ts:16:5)</failure>
    </testcase>
  </testsuite>
  <testsuite name="API Routes Integration Tests" errors="0" failures="9" skipped="0" timestamp="2025-11-25T23:07:58" time="25.356" tests="9">
    <testcase classname="API Routes Integration Tests Authentication Flow sollte User registrieren, einloggen und Profil abrufen" name="API Routes Integration Tests Authentication Flow sollte User registrieren, einloggen und Profil abrufen" time="0">
      <failure></failure>
    </testcase>
    <testcase classname="API Routes Integration Tests Authentication Flow sollte Login mit falschen Credentials ablehnen" name="API Routes Integration Tests Authentication Flow sollte Login mit falschen Credentials ablehnen" time="0">
      <failure></failure>
    </testcase>
    <testcase classname="API Routes Integration Tests Chat Flow sollte Konversation starten und Nachrichten senden" name="API Routes Integration Tests Chat Flow sollte Konversation starten und Nachrichten senden" time="0">
      <failure></failure>
    </testcase>
    <testcase classname="API Routes Integration Tests Document Flow sollte Dokument hochladen und analysieren" name="API Routes Integration Tests Document Flow sollte Dokument hochladen und analysieren" time="0">
      <failure></failure>
    </testcase>
    <testcase classname="API Routes Integration Tests Lawyer Matching Flow sollte Anwälte suchen und Termin buchen" name="API Routes Integration Tests Lawyer Matching Flow sollte Anwälte suchen und Termin buchen" time="0.001">
      <failure></failure>
    </testcase>
    <testcase classname="API Routes Integration Tests Error Handling sollte 401 für nicht authentifizierte Requests zurückgeben" name="API Routes Integration Tests Error Handling sollte 401 für nicht authentifizierte Requests zurückgeben" time="0">
      <failure></failure>
    </testcase>
    <testcase classname="API Routes Integration Tests Error Handling sollte 404 für nicht existierende Routes zurückgeben" name="API Routes Integration Tests Error Handling sollte 404 für nicht existierende Routes zurückgeben" time="0">
      <failure></failure>
    </testcase>
    <testcase classname="API Routes Integration Tests Error Handling sollte 400 für ungültige Request-Daten zurückgeben" name="API Routes Integration Tests Error Handling sollte 400 für ungültige Request-Daten zurückgeben" time="0.001">
      <failure></failure>
    </testcase>
    <testcase classname="API Routes Integration Tests Rate Limiting sollte zu viele Requests blockieren" name="API Routes Integration Tests Rate Limiting sollte zu viele Requests blockieren" time="0">
      <failure></failure>
    </testcase>
  </testsuite>
  <testsuite name="UserService Unit Tests" errors="0" failures="34" skipped="0" timestamp="2025-11-25T23:08:24" time="10.88" tests="34">
    <testcase classname="UserService Unit Tests getUserById should return user with profile and preferences" name="UserService Unit Tests getUserById should return user with profile and preferences" time="0.001">
      <failure>PrismaClientInitializationError: Can&apos;t reach database server at `localhost:5432`

Please make sure your database server is running at `localhost:5432`.
    at t (D:\ - 2025 - 22.06- copy C\_AA_Postfach 01.01.2025\03.07.2025 Arbeit 02.11.2025\JurisMind - Mietrecht 01\services\backend\node_modules\@prisma\client\runtime\library.js:112:2488)
    at Object.&lt;anonymous&gt; (D:\ - 2025 - 22.06- copy C\_AA_Postfach 01.01.2025\03.07.2025 Arbeit 02.11.2025\JurisMind - Mietrecht 01\services\backend\src\tests\userService.test.ts:25:5)</failure>
    </testcase>
    <testcase classname="UserService Unit Tests getUserById should return null for non-existent user" name="UserService Unit Tests getUserById should return null for non-existent user" time="0">
      <failure>PrismaClientInitializationError: Can&apos;t reach database server at `localhost:5432`

Please make sure your database server is running at `localhost:5432`.
    at t (D:\ - 2025 - 22.06- copy C\_AA_Postfach 01.01.2025\03.07.2025 Arbeit 02.11.2025\JurisMind - Mietrecht 01\services\backend\node_modules\@prisma\client\runtime\library.js:112:2488)
    at Object.&lt;anonymous&gt; (D:\ - 2025 - 22.06- copy C\_AA_Postfach 01.01.2025\03.07.2025 Arbeit 02.11.2025\JurisMind - Mietrecht 01\services\backend\src\tests\userService.test.ts:25:5)</failure>
    </testcase>
    <testcase classname="UserService Unit Tests getUserByEmail should return user by email" name="UserService Unit Tests getUserByEmail should return user by email" time="0.001">
      <failure>PrismaClientInitializationError: Can&apos;t reach database server at `localhost:5432`

Please make sure your database server is running at `localhost:5432`.
    at t (D:\ - 2025 - 22.06- copy C\_AA_Postfach 01.01.2025\03.07.2025 Arbeit 02.11.2025\JurisMind - Mietrecht 01\services\backend\node_modules\@prisma\client\runtime\library.js:112:2488)
    at Object.&lt;anonymous&gt; (D:\ - 2025 - 22.06- copy C\_AA_Postfach 01.01.2025\03.07.2025 Arbeit 02.11.2025\JurisMind - Mietrecht 01\services\backend\src\tests\userService.test.ts:25:5)</failure>
    </testcase>
    <testcase classname="UserService Unit Tests getUserByEmail should be case insensitive" name="UserService Unit Tests getUserByEmail should be case insensitive" time="0">
      <failure>PrismaClientInitializationError: Can&apos;t reach database server at `localhost:5432`

Please make sure your database server is running at `localhost:5432`.
    at t (D:\ - 2025 - 22.06- copy C\_AA_Postfach 01.01.2025\03.07.2025 Arbeit 02.11.2025\JurisMind - Mietrecht 01\services\backend\node_modules\@prisma\client\runtime\library.js:112:2488)
    at Object.&lt;anonymous&gt; (D:\ - 2025 - 22.06- copy C\_AA_Postfach 01.01.2025\03.07.2025 Arbeit 02.11.2025\JurisMind - Mietrecht 01\services\backend\src\tests\userService.test.ts:25:5)</failure>
    </testcase>
    <testcase classname="UserService Unit Tests getUserByEmail should return null for non-existent email" name="UserService Unit Tests getUserByEmail should return null for non-existent email" time="0">
      <failure>PrismaClientInitializationError: Can&apos;t reach database server at `localhost:5432`

Please make sure your database server is running at `localhost:5432`.
    at t (D:\ - 2025 - 22.06- copy C\_AA_Postfach 01.01.2025\03.07.2025 Arbeit 02.11.2025\JurisMind - Mietrecht 01\services\backend\node_modules\@prisma\client\runtime\library.js:112:2488)
    at Object.&lt;anonymous&gt; (D:\ - 2025 - 22.06- copy C\_AA_Postfach 01.01.2025\03.07.2025 Arbeit 02.11.2025\JurisMind - Mietrecht 01\services\backend\src\tests\userService.test.ts:25:5)</failure>
    </testcase>
    <testcase classname="UserService Unit Tests updateProfile should update profile successfully" name="UserService Unit Tests updateProfile should update profile successfully" time="0.001">
      <failure>PrismaClientInitializationError: Can&apos;t reach database server at `localhost:5432`

Please make sure your database server is running at `localhost:5432`.
    at t (D:\ - 2025 - 22.06- copy C\_AA_Postfach 01.01.2025\03.07.2025 Arbeit 02.11.2025\JurisMind - Mietrecht 01\services\backend\node_modules\@prisma\client\runtime\library.js:112:2488)
    at Object.&lt;anonymous&gt; (D:\ - 2025 - 22.06- copy C\_AA_Postfach 01.01.2025\03.07.2025 Arbeit 02.11.2025\JurisMind - Mietrecht 01\services\backend\src\tests\userService.test.ts:25:5)</failure>
    </testcase>
    <testcase classname="UserService Unit Tests updateProfile should update accessibility needs" name="UserService Unit Tests updateProfile should update accessibility needs" time="0">
      <failure>PrismaClientInitializationError: Can&apos;t reach database server at `localhost:5432`

Please make sure your database server is running at `localhost:5432`.
    at t (D:\ - 2025 - 22.06- copy C\_AA_Postfach 01.01.2025\03.07.2025 Arbeit 02.11.2025\JurisMind - Mietrecht 01\services\backend\node_modules\@prisma\client\runtime\library.js:112:2488)
    at Object.&lt;anonymous&gt; (D:\ - 2025 - 22.06- copy C\_AA_Postfach 01.01.2025\03.07.2025 Arbeit 02.11.2025\JurisMind - Mietrecht 01\services\backend\src\tests\userService.test.ts:25:5)</failure>
    </testcase>
    <testcase classname="UserService Unit Tests updateProfile should create profile if it does not exist" name="UserService Unit Tests updateProfile should create profile if it does not exist" time="0">
      <failure>PrismaClientInitializationError: Can&apos;t reach database server at `localhost:5432`

Please make sure your database server is running at `localhost:5432`.
    at t (D:\ - 2025 - 22.06- copy C\_AA_Postfach 01.01.2025\03.07.2025 Arbeit 02.11.2025\JurisMind - Mietrecht 01\services\backend\node_modules\@prisma\client\runtime\library.js:112:2488)
    at Object.&lt;anonymous&gt; (D:\ - 2025 - 22.06- copy C\_AA_Postfach 01.01.2025\03.07.2025 Arbeit 02.11.2025\JurisMind - Mietrecht 01\services\backend\src\tests\userService.test.ts:25:5)</failure>
    </testcase>
    <testcase classname="UserService Unit Tests updateProfile should reject invalid data" name="UserService Unit Tests updateProfile should reject invalid data" time="0">
      <failure>PrismaClientInitializationError: Can&apos;t reach database server at `localhost:5432`

Please make sure your database server is running at `localhost:5432`.
    at t (D:\ - 2025 - 22.06- copy C\_AA_Postfach 01.01.2025\03.07.2025 Arbeit 02.11.2025\JurisMind - Mietrecht 01\services\backend\node_modules\@prisma\client\runtime\library.js:112:2488)
    at Object.&lt;anonymous&gt; (D:\ - 2025 - 22.06- copy C\_AA_Postfach 01.01.2025\03.07.2025 Arbeit 02.11.2025\JurisMind - Mietrecht 01\services\backend\src\tests\userService.test.ts:25:5)</failure>
    </testcase>
    <testcase classname="UserService Unit Tests updateProfile should throw error for non-existent user" name="UserService Unit Tests updateProfile should throw error for non-existent user" time="0">
      <failure>PrismaClientInitializationError: Can&apos;t reach database server at `localhost:5432`

Please make sure your database server is running at `localhost:5432`.
    at t (D:\ - 2025 - 22.06- copy C\_AA_Postfach 01.01.2025\03.07.2025 Arbeit 02.11.2025\JurisMind - Mietrecht 01\services\backend\node_modules\@prisma\client\runtime\library.js:112:2488)
    at Object.&lt;anonymous&gt; (D:\ - 2025 - 22.06- copy C\_AA_Postfach 01.01.2025\03.07.2025 Arbeit 02.11.2025\JurisMind - Mietrecht 01\services\backend\src\tests\userService.test.ts:25:5)</failure>
    </testcase>
    <testcase classname="UserService Unit Tests updatePreferences should update preferences successfully" name="UserService Unit Tests updatePreferences should update preferences successfully" time="0">
      <failure>PrismaClientInitializationError: Can&apos;t reach database server at `localhost:5432`

Please make sure your database server is running at `localhost:5432`.
    at t (D:\ - 2025 - 22.06- copy C\_AA_Postfach 01.01.2025\03.07.2025 Arbeit 02.11.2025\JurisMind - Mietrecht 01\services\backend\node_modules\@prisma\client\runtime\library.js:112:2488)
    at Object.&lt;anonymous&gt; (D:\ - 2025 - 22.06- copy C\_AA_Postfach 01.01.2025\03.07.2025 Arbeit 02.11.2025\JurisMind - Mietrecht 01\services\backend\src\tests\userService.test.ts:25:5)</failure>
    </testcase>
    <testcase classname="UserService Unit Tests updatePreferences should merge with existing preferences" name="UserService Unit Tests updatePreferences should merge with existing preferences" time="0">
      <failure>PrismaClientInitializationError: Can&apos;t reach database server at `localhost:5432`

Please make sure your database server is running at `localhost:5432`.
    at t (D:\ - 2025 - 22.06- copy C\_AA_Postfach 01.01.2025\03.07.2025 Arbeit 02.11.2025\JurisMind - Mietrecht 01\services\backend\node_modules\@prisma\client\runtime\library.js:112:2488)
    at Object.&lt;anonymous&gt; (D:\ - 2025 - 22.06- copy C\_AA_Postfach 01.01.2025\03.07.2025 Arbeit 02.11.2025\JurisMind - Mietrecht 01\services\backend\src\tests\userService.test.ts:25:5)</failure>
    </testcase>
    <testcase classname="UserService Unit Tests updatePreferences should create preferences if they do not exist" name="UserService Unit Tests updatePreferences should create preferences if they do not exist" time="0">
      <failure>PrismaClientInitializationError: Can&apos;t reach database server at `localhost:5432`

Please make sure your database server is running at `localhost:5432`.
    at t (D:\ - 2025 - 22.06- copy C\_AA_Postfach 01.01.2025\03.07.2025 Arbeit 02.11.2025\JurisMind - Mietrecht 01\services\backend\node_modules\@prisma\client\runtime\library.js:112:2488)
    at Object.&lt;anonymous&gt; (D:\ - 2025 - 22.06- copy C\_AA_Postfach 01.01.2025\03.07.2025 Arbeit 02.11.2025\JurisMind - Mietrecht 01\services\backend\src\tests\userService.test.ts:25:5)</failure>
    </testcase>
    <testcase classname="UserService Unit Tests updatePreferences should reject invalid language" name="UserService Unit Tests updatePreferences should reject invalid language" time="0.001">
      <failure>PrismaClientInitializationError: Can&apos;t reach database server at `localhost:5432`

Please make sure your database server is running at `localhost:5432`.
    at t (D:\ - 2025 - 22.06- copy C\_AA_Postfach 01.01.2025\03.07.2025 Arbeit 02.11.2025\JurisMind - Mietrecht 01\services\backend\node_modules\@prisma\client\runtime\library.js:112:2488)
    at Object.&lt;anonymous&gt; (D:\ - 2025 - 22.06- copy C\_AA_Postfach 01.01.2025\03.07.2025 Arbeit 02.11.2025\JurisMind - Mietrecht 01\services\backend\src\tests\userService.test.ts:25:5)</failure>
    </testcase>
    <testcase classname="UserService Unit Tests deactivateUser should deactivate user successfully" name="UserService Unit Tests deactivateUser should deactivate user successfully" time="0">
      <failure>PrismaClientInitializationError: Can&apos;t reach database server at `localhost:5432`

Please make sure your database server is running at `localhost:5432`.
    at t (D:\ - 2025 - 22.06- copy C\_AA_Postfach 01.01.2025\03.07.2025 Arbeit 02.11.2025\JurisMind - Mietrecht 01\services\backend\node_modules\@prisma\client\runtime\library.js:112:2488)
    at Object.&lt;anonymous&gt; (D:\ - 2025 - 22.06- copy C\_AA_Postfach 01.01.2025\03.07.2025 Arbeit 02.11.2025\JurisMind - Mietrecht 01\services\backend\src\tests\userService.test.ts:25:5)</failure>
    </testcase>
    <testcase classname="UserService Unit Tests deactivateUser should delete all user sessions" name="UserService Unit Tests deactivateUser should delete all user sessions" time="0">
      <failure>PrismaClientInitializationError: Can&apos;t reach database server at `localhost:5432`

Please make sure your database server is running at `localhost:5432`.
    at t (D:\ - 2025 - 22.06- copy C\_AA_Postfach 01.01.2025\03.07.2025 Arbeit 02.11.2025\JurisMind - Mietrecht 01\services\backend\node_modules\@prisma\client\runtime\library.js:112:2488)
    at Object.&lt;anonymous&gt; (D:\ - 2025 - 22.06- copy C\_AA_Postfach 01.01.2025\03.07.2025 Arbeit 02.11.2025\JurisMind - Mietrecht 01\services\backend\src\tests\userService.test.ts:25:5)</failure>
    </testcase>
    <testcase classname="UserService Unit Tests deactivateUser should throw error for already deactivated user" name="UserService Unit Tests deactivateUser should throw error for already deactivated user" time="0">
      <failure>PrismaClientInitializationError: Can&apos;t reach database server at `localhost:5432`

Please make sure your database server is running at `localhost:5432`.
    at t (D:\ - 2025 - 22.06- copy C\_AA_Postfach 01.01.2025\03.07.2025 Arbeit 02.11.2025\JurisMind - Mietrecht 01\services\backend\node_modules\@prisma\client\runtime\library.js:112:2488)
    at Object.&lt;anonymous&gt; (D:\ - 2025 - 22.06- copy C\_AA_Postfach 01.01.2025\03.07.2025 Arbeit 02.11.2025\JurisMind - Mietrecht 01\services\backend\src\tests\userService.test.ts:25:5)</failure>
    </testcase>
    <testcase classname="UserService Unit Tests deactivateUser should throw error for non-existent user" name="UserService Unit Tests deactivateUser should throw error for non-existent user" time="0">
      <failure>PrismaClientInitializationError: Can&apos;t reach database server at `localhost:5432`

Please make sure your database server is running at `localhost:5432`.
    at t (D:\ - 2025 - 22.06- copy C\_AA_Postfach 01.01.2025\03.07.2025 Arbeit 02.11.2025\JurisMind - Mietrecht 01\services\backend\node_modules\@prisma\client\runtime\library.js:112:2488)
    at Object.&lt;anonymous&gt; (D:\ - 2025 - 22.06- copy C\_AA_Postfach 01.01.2025\03.07.2025 Arbeit 02.11.2025\JurisMind - Mietrecht 01\services\backend\src\tests\userService.test.ts:25:5)</failure>
    </testcase>
    <testcase classname="UserService Unit Tests reactivateUser should reactivate user successfully" name="UserService Unit Tests reactivateUser should reactivate user successfully" time="0">
      <failure>PrismaClientInitializationError: Can&apos;t reach database server at `localhost:5432`

Please make sure your database server is running at `localhost:5432`.
    at t (D:\ - 2025 - 22.06- copy C\_AA_Postfach 01.01.2025\03.07.2025 Arbeit 02.11.2025\JurisMind - Mietrecht 01\services\backend\node_modules\@prisma\client\runtime\library.js:112:2488)
    at Object.&lt;anonymous&gt; (D:\ - 2025 - 22.06- copy C\_AA_Postfach 01.01.2025\03.07.2025 Arbeit 02.11.2025\JurisMind - Mietrecht 01\services\backend\src\tests\userService.test.ts:25:5)</failure>
    </testcase>
    <testcase classname="UserService Unit Tests reactivateUser should throw error for already active user" name="UserService Unit Tests reactivateUser should throw error for already active user" time="0">
      <failure>PrismaClientInitializationError: Can&apos;t reach database server at `localhost:5432`

Please make sure your database server is running at `localhost:5432`.
    at t (D:\ - 2025 - 22.06- copy C\_AA_Postfach 01.01.2025\03.07.2025 Arbeit 02.11.2025\JurisMind - Mietrecht 01\services\backend\node_modules\@prisma\client\runtime\library.js:112:2488)
    at Object.&lt;anonymous&gt; (D:\ - 2025 - 22.06- copy C\_AA_Postfach 01.01.2025\03.07.2025 Arbeit 02.11.2025\JurisMind - Mietrecht 01\services\backend\src\tests\userService.test.ts:25:5)</failure>
    </testcase>
    <testcase classname="UserService Unit Tests verifyEmail should verify email successfully" name="UserService Unit Tests verifyEmail should verify email successfully" time="0.001">
      <failure>PrismaClientInitializationError: Can&apos;t reach database server at `localhost:5432`

Please make sure your database server is running at `localhost:5432`.
    at t (D:\ - 2025 - 22.06- copy C\_AA_Postfach 01.01.2025\03.07.2025 Arbeit 02.11.2025\JurisMind - Mietrecht 01\services\backend\node_modules\@prisma\client\runtime\library.js:112:2488)
    at Object.&lt;anonymous&gt; (D:\ - 2025 - 22.06- copy C\_AA_Postfach 01.01.2025\03.07.2025 Arbeit 02.11.2025\JurisMind - Mietrecht 01\services\backend\src\tests\userService.test.ts:25:5)</failure>
    </testcase>
    <testcase classname="UserService Unit Tests verifyEmail should throw error for already verified user" name="UserService Unit Tests verifyEmail should throw error for already verified user" time="0">
      <failure>PrismaClientInitializationError: Can&apos;t reach database server at `localhost:5432`

Please make sure your database server is running at `localhost:5432`.
    at t (D:\ - 2025 - 22.06- copy C\_AA_Postfach 01.01.2025\03.07.2025 Arbeit 02.11.2025\JurisMind - Mietrecht 01\services\backend\node_modules\@prisma\client\runtime\library.js:112:2488)
    at Object.&lt;anonymous&gt; (D:\ - 2025 - 22.06- copy C\_AA_Postfach 01.01.2025\03.07.2025 Arbeit 02.11.2025\JurisMind - Mietrecht 01\services\backend\src\tests\userService.test.ts:25:5)</failure>
    </testcase>
    <testcase classname="UserService Unit Tests searchUsers should search users successfully for business user" name="UserService Unit Tests searchUsers should search users successfully for business user" time="0">
      <failure>PrismaClientInitializationError: Can&apos;t reach database server at `localhost:5432`

Please make sure your database server is running at `localhost:5432`.
    at t (D:\ - 2025 - 22.06- copy C\_AA_Postfach 01.01.2025\03.07.2025 Arbeit 02.11.2025\JurisMind - Mietrecht 01\services\backend\node_modules\@prisma\client\runtime\library.js:112:2488)
    at Object.&lt;anonymous&gt; (D:\ - 2025 - 22.06- copy C\_AA_Postfach 01.01.2025\03.07.2025 Arbeit 02.11.2025\JurisMind - Mietrecht 01\services\backend\src\tests\userService.test.ts:25:5)</failure>
    </testcase>
    <testcase classname="UserService Unit Tests searchUsers should filter by location" name="UserService Unit Tests searchUsers should filter by location" time="0">
      <failure>PrismaClientInitializationError: Can&apos;t reach database server at `localhost:5432`

Please make sure your database server is running at `localhost:5432`.
    at t (D:\ - 2025 - 22.06- copy C\_AA_Postfach 01.01.2025\03.07.2025 Arbeit 02.11.2025\JurisMind - Mietrecht 01\services\backend\node_modules\@prisma\client\runtime\library.js:112:2488)
    at Object.&lt;anonymous&gt; (D:\ - 2025 - 22.06- copy C\_AA_Postfach 01.01.2025\03.07.2025 Arbeit 02.11.2025\JurisMind - Mietrecht 01\services\backend\src\tests\userService.test.ts:25:5)</failure>
    </testcase>
    <testcase classname="UserService Unit Tests searchUsers should filter by verification status" name="UserService Unit Tests searchUsers should filter by verification status" time="0">
      <failure>PrismaClientInitializationError: Can&apos;t reach database server at `localhost:5432`

Please make sure your database server is running at `localhost:5432`.
    at t (D:\ - 2025 - 22.06- copy C\_AA_Postfach 01.01.2025\03.07.2025 Arbeit 02.11.2025\JurisMind - Mietrecht 01\services\backend\node_modules\@prisma\client\runtime\library.js:112:2488)
    at Object.&lt;anonymous&gt; (D:\ - 2025 - 22.06- copy C\_AA_Postfach 01.01.2025\03.07.2025 Arbeit 02.11.2025\JurisMind - Mietrecht 01\services\backend\src\tests\userService.test.ts:25:5)</failure>
    </testcase>
    <testcase classname="UserService Unit Tests searchUsers should reject search for non-business user" name="UserService Unit Tests searchUsers should reject search for non-business user" time="0">
      <failure>PrismaClientInitializationError: Can&apos;t reach database server at `localhost:5432`

Please make sure your database server is running at `localhost:5432`.
    at t (D:\ - 2025 - 22.06- copy C\_AA_Postfach 01.01.2025\03.07.2025 Arbeit 02.11.2025\JurisMind - Mietrecht 01\services\backend\node_modules\@prisma\client\runtime\library.js:112:2488)
    at Object.&lt;anonymous&gt; (D:\ - 2025 - 22.06- copy C\_AA_Postfach 01.01.2025\03.07.2025 Arbeit 02.11.2025\JurisMind - Mietrecht 01\services\backend\src\tests\userService.test.ts:25:5)</failure>
    </testcase>
    <testcase classname="UserService Unit Tests searchUsers should handle pagination correctly" name="UserService Unit Tests searchUsers should handle pagination correctly" time="0">
      <failure>PrismaClientInitializationError: Can&apos;t reach database server at `localhost:5432`

Please make sure your database server is running at `localhost:5432`.
    at t (D:\ - 2025 - 22.06- copy C\_AA_Postfach 01.01.2025\03.07.2025 Arbeit 02.11.2025\JurisMind - Mietrecht 01\services\backend\node_modules\@prisma\client\runtime\library.js:112:2488)
    at Object.&lt;anonymous&gt; (D:\ - 2025 - 22.06- copy C\_AA_Postfach 01.01.2025\03.07.2025 Arbeit 02.11.2025\JurisMind - Mietrecht 01\services\backend\src\tests\userService.test.ts:25:5)</failure>
    </testcase>
    <testcase classname="UserService Unit Tests getUserStats should return user statistics for business user" name="UserService Unit Tests getUserStats should return user statistics for business user" time="0">
      <failure>PrismaClientInitializationError: Can&apos;t reach database server at `localhost:5432`

Please make sure your database server is running at `localhost:5432`.
    at t (D:\ - 2025 - 22.06- copy C\_AA_Postfach 01.01.2025\03.07.2025 Arbeit 02.11.2025\JurisMind - Mietrecht 01\services\backend\node_modules\@prisma\client\runtime\library.js:112:2488)
    at Object.&lt;anonymous&gt; (D:\ - 2025 - 22.06- copy C\_AA_Postfach 01.01.2025\03.07.2025 Arbeit 02.11.2025\JurisMind - Mietrecht 01\services\backend\src\tests\userService.test.ts:25:5)</failure>
    </testcase>
    <testcase classname="UserService Unit Tests getUserStats should reject stats request for non-business user" name="UserService Unit Tests getUserStats should reject stats request for non-business user" time="0">
      <failure>PrismaClientInitializationError: Can&apos;t reach database server at `localhost:5432`

Please make sure your database server is running at `localhost:5432`.
    at t (D:\ - 2025 - 22.06- copy C\_AA_Postfach 01.01.2025\03.07.2025 Arbeit 02.11.2025\JurisMind - Mietrecht 01\services\backend\node_modules\@prisma\client\runtime\library.js:112:2488)
    at Object.&lt;anonymous&gt; (D:\ - 2025 - 22.06- copy C\_AA_Postfach 01.01.2025\03.07.2025 Arbeit 02.11.2025\JurisMind - Mietrecht 01\services\backend\src\tests\userService.test.ts:25:5)</failure>
    </testcase>
    <testcase classname="UserService Unit Tests getUserStats should cache statistics" name="UserService Unit Tests getUserStats should cache statistics" time="0">
      <failure>PrismaClientInitializationError: Can&apos;t reach database server at `localhost:5432`

Please make sure your database server is running at `localhost:5432`.
    at t (D:\ - 2025 - 22.06- copy C\_AA_Postfach 01.01.2025\03.07.2025 Arbeit 02.11.2025\JurisMind - Mietrecht 01\services\backend\node_modules\@prisma\client\runtime\library.js:112:2488)
    at Object.&lt;anonymous&gt; (D:\ - 2025 - 22.06- copy C\_AA_Postfach 01.01.2025\03.07.2025 Arbeit 02.11.2025\JurisMind - Mietrecht 01\services\backend\src\tests\userService.test.ts:25:5)</failure>
    </testcase>
    <testcase classname="UserService Unit Tests exportUserData should export all user data" name="UserService Unit Tests exportUserData should export all user data" time="0">
      <failure>PrismaClientInitializationError: Can&apos;t reach database server at `localhost:5432`

Please make sure your database server is running at `localhost:5432`.
    at t (D:\ - 2025 - 22.06- copy C\_AA_Postfach 01.01.2025\03.07.2025 Arbeit 02.11.2025\JurisMind - Mietrecht 01\services\backend\node_modules\@prisma\client\runtime\library.js:112:2488)
    at Object.&lt;anonymous&gt; (D:\ - 2025 - 22.06- copy C\_AA_Postfach 01.01.2025\03.07.2025 Arbeit 02.11.2025\JurisMind - Mietrecht 01\services\backend\src\tests\userService.test.ts:25:5)</failure>
    </testcase>
    <testcase classname="UserService Unit Tests exportUserData should throw error for non-existent user" name="UserService Unit Tests exportUserData should throw error for non-existent user" time="0.001">
      <failure>PrismaClientInitializationError: Can&apos;t reach database server at `localhost:5432`

Please make sure your database server is running at `localhost:5432`.
    at t (D:\ - 2025 - 22.06- copy C\_AA_Postfach 01.01.2025\03.07.2025 Arbeit 02.11.2025\JurisMind - Mietrecht 01\services\backend\node_modules\@prisma\client\runtime\library.js:112:2488)
    at Object.&lt;anonymous&gt; (D:\ - 2025 - 22.06- copy C\_AA_Postfach 01.01.2025\03.07.2025 Arbeit 02.11.2025\JurisMind - Mietrecht 01\services\backend\src\tests\userService.test.ts:25:5)</failure>
    </testcase>
    <testcase classname="UserService Unit Tests deleteUserData should delete all user data" name="UserService Unit Tests deleteUserData should delete all user data" time="0">
      <failure>PrismaClientInitializationError: Can&apos;t reach database server at `localhost:5432`

Please make sure your database server is running at `localhost:5432`.
    at t (D:\ - 2025 - 22.06- copy C\_AA_Postfach 01.01.2025\03.07.2025 Arbeit 02.11.2025\JurisMind - Mietrecht 01\services\backend\node_modules\@prisma\client\runtime\library.js:112:2488)
    at Object.&lt;anonymous&gt; (D:\ - 2025 - 22.06- copy C\_AA_Postfach 01.01.2025\03.07.2025 Arbeit 02.11.2025\JurisMind - Mietrecht 01\services\backend\src\tests\userService.test.ts:25:5)</failure>
    </testcase>
    <testcase classname="UserService Unit Tests deleteUserData should throw error for non-existent user" name="UserService Unit Tests deleteUserData should throw error for non-existent user" time="0">
      <failure>PrismaClientInitializationError: Can&apos;t reach database server at `localhost:5432`

Please make sure your database server is running at `localhost:5432`.
    at t (D:\ - 2025 - 22.06- copy C\_AA_Postfach 01.01.2025\03.07.2025 Arbeit 02.11.2025\JurisMind - Mietrecht 01\services\backend\node_modules\@prisma\client\runtime\library.js:112:2488)
    at Object.&lt;anonymous&gt; (D:\ - 2025 - 22.06- copy C\_AA_Postfach 01.01.2025\03.07.2025 Arbeit 02.11.2025\JurisMind - Mietrecht 01\services\backend\src\tests\userService.test.ts:25:5)</failure>
    </testcase>
  </testsuite>
  <testsuite name="EmailService Unit Tests" errors="0" failures="17" skipped="0" timestamp="2025-11-25T23:08:35" time="2.25" tests="17">
    <testcase classname="EmailService Unit Tests sendVerificationEmail should send verification email successfully" name="EmailService Unit Tests sendVerificationEmail should send verification email successfully" time="0.002">
      <failure>TypeError: nodemailer_1.default.createTransport is not a function
    at new EmailService (D:\ - 2025 - 22.06- copy C\_AA_Postfach 01.01.2025\03.07.2025 Arbeit 02.11.2025\JurisMind - Mietrecht 01\services\backend\src\services\EmailService.ts:59:35)
    at Object.&lt;anonymous&gt; (D:\ - 2025 - 22.06- copy C\_AA_Postfach 01.01.2025\03.07.2025 Arbeit 02.11.2025\JurisMind - Mietrecht 01\services\backend\src\tests\emailService.test.ts:16:20)
    at Promise.then.completed (D:\ - 2025 - 22.06- copy C\_AA_Postfach 01.01.2025\03.07.2025 Arbeit 02.11.2025\JurisMind - Mietrecht 01\services\backend\node_modules\jest-circus\build\utils.js:298:28)
    at new Promise (&lt;anonymous&gt;)
    at callAsyncCircusFn (D:\ - 2025 - 22.06- copy C\_AA_Postfach 01.01.2025\03.07.2025 Arbeit 02.11.2025\JurisMind - Mietrecht 01\services\backend\node_modules\jest-circus\build\utils.js:231:10)
    at _callCircusHook (D:\ - 2025 - 22.06- copy C\_AA_Postfach 01.01.2025\03.07.2025 Arbeit 02.11.2025\JurisMind - Mietrecht 01\services\backend\node_modules\jest-circus\build\run.js:281:40)
    at processTicksAndRejections (node:internal/process/task_queues:103:5)
    at _runTest (D:\ - 2025 - 22.06- copy C\_AA_Postfach 01.01.2025\03.07.2025 Arbeit 02.11.2025\JurisMind - Mietrecht 01\services\backend\node_modules\jest-circus\build\run.js:246:5)
    at _runTestsForDescribeBlock (D:\ - 2025 - 22.06- copy C\_AA_Postfach 01.01.2025\03.07.2025 Arbeit 02.11.2025\JurisMind - Mietrecht 01\services\backend\node_modules\jest-circus\build\run.js:126:9)
    at _runTestsForDescribeBlock (D:\ - 2025 - 22.06- copy C\_AA_Postfach 01.01.2025\03.07.2025 Arbeit 02.11.2025\JurisMind - Mietrecht 01\services\backend\node_modules\jest-circus\build\run.js:121:9)
    at _runTestsForDescribeBlock (D:\ - 2025 - 22.06- copy C\_AA_Postfach 01.01.2025\03.07.2025 Arbeit 02.11.2025\JurisMind - Mietrecht 01\services\backend\node_modules\jest-circus\build\run.js:121:9)
    at run (D:\ - 2025 - 22.06- copy C\_AA_Postfach 01.01.2025\03.07.2025 Arbeit 02.11.2025\JurisMind - Mietrecht 01\services\backend\node_modules\jest-circus\build\run.js:71:3)
    at runAndTransformResultsToJestFormat (D:\ - 2025 - 22.06- copy C\_AA_Postfach 01.01.2025\03.07.2025 Arbeit 02.11.2025\JurisMind - Mietrecht 01\services\backend\node_modules\jest-circus\build\legacy-code-todo-rewrite\jestAdapterInit.js:122:21)
    at jestAdapter (D:\ - 2025 - 22.06- copy C\_AA_Postfach 01.01.2025\03.07.2025 Arbeit 02.11.2025\JurisMind - Mietrecht 01\services\backend\node_modules\jest-circus\build\legacy-code-todo-rewrite\jestAdapter.js:79:19)
    at runTestInternal (D:\ - 2025 - 22.06- copy C\_AA_Postfach 01.01.2025\03.07.2025 Arbeit 02.11.2025\JurisMind - Mietrecht 01\services\backend\node_modules\jest-runner\build\runTest.js:367:16)
    at runTest (D:\ - 2025 - 22.06- copy C\_AA_Postfach 01.01.2025\03.07.2025 Arbeit 02.11.2025\JurisMind - Mietrecht 01\services\backend\node_modules\jest-runner\build\runTest.js:444:34)
    at Object.worker (D:\ - 2025 - 22.06- copy C\_AA_Postfach 01.01.2025\03.07.2025 Arbeit 02.11.2025\JurisMind - Mietrecht 01\services\backend\node_modules\jest-runner\build\testWorker.js:106:12)</failure>
    </testcase>
    <testcase classname="EmailService Unit Tests sendVerificationEmail should handle missing firstName gracefully" name="EmailService Unit Tests sendVerificationEmail should handle missing firstName gracefully" time="0">
      <failure>TypeError: nodemailer_1.default.createTransport is not a function
    at new EmailService (D:\ - 2025 - 22.06- copy C\_AA_Postfach 01.01.2025\03.07.2025 Arbeit 02.11.2025\JurisMind - Mietrecht 01\services\backend\src\services\EmailService.ts:59:35)
    at Object.&lt;anonymous&gt; (D:\ - 2025 - 22.06- copy C\_AA_Postfach 01.01.2025\03.07.2025 Arbeit 02.11.2025\JurisMind - Mietrecht 01\services\backend\src\tests\emailService.test.ts:16:20)
    at Promise.then.completed (D:\ - 2025 - 22.06- copy C\_AA_Postfach 01.01.2025\03.07.2025 Arbeit 02.11.2025\JurisMind - Mietrecht 01\services\backend\node_modules\jest-circus\build\utils.js:298:28)
    at new Promise (&lt;anonymous&gt;)
    at callAsyncCircusFn (D:\ - 2025 - 22.06- copy C\_AA_Postfach 01.01.2025\03.07.2025 Arbeit 02.11.2025\JurisMind - Mietrecht 01\services\backend\node_modules\jest-circus\build\utils.js:231:10)
    at _callCircusHook (D:\ - 2025 - 22.06- copy C\_AA_Postfach 01.01.2025\03.07.2025 Arbeit 02.11.2025\JurisMind - Mietrecht 01\services\backend\node_modules\jest-circus\build\run.js:281:40)
    at processTicksAndRejections (node:internal/process/task_queues:103:5)
    at _runTest (D:\ - 2025 - 22.06- copy C\_AA_Postfach 01.01.2025\03.07.2025 Arbeit 02.11.2025\JurisMind - Mietrecht 01\services\backend\node_modules\jest-circus\build\run.js:246:5)
    at _runTestsForDescribeBlock (D:\ - 2025 - 22.06- copy C\_AA_Postfach 01.01.2025\03.07.2025 Arbeit 02.11.2025\JurisMind - Mietrecht 01\services\backend\node_modules\jest-circus\build\run.js:126:9)
    at _runTestsForDescribeBlock (D:\ - 2025 - 22.06- copy C\_AA_Postfach 01.01.2025\03.07.2025 Arbeit 02.11.2025\JurisMind - Mietrecht 01\services\backend\node_modules\jest-circus\build\run.js:121:9)
    at _runTestsForDescribeBlock (D:\ - 2025 - 22.06- copy C\_AA_Postfach 01.01.2025\03.07.2025 Arbeit 02.11.2025\JurisMind - Mietrecht 01\services\backend\node_modules\jest-circus\build\run.js:121:9)
    at run (D:\ - 2025 - 22.06- copy C\_AA_Postfach 01.01.2025\03.07.2025 Arbeit 02.11.2025\JurisMind - Mietrecht 01\services\backend\node_modules\jest-circus\build\run.js:71:3)
    at runAndTransformResultsToJestFormat (D:\ - 2025 - 22.06- copy C\_AA_Postfach 01.01.2025\03.07.2025 Arbeit 02.11.2025\JurisMind - Mietrecht 01\services\backend\node_modules\jest-circus\build\legacy-code-todo-rewrite\jestAdapterInit.js:122:21)
    at jestAdapter (D:\ - 2025 - 22.06- copy C\_AA_Postfach 01.01.2025\03.07.2025 Arbeit 02.11.2025\JurisMind - Mietrecht 01\services\backend\node_modules\jest-circus\build\legacy-code-todo-rewrite\jestAdapter.js:79:19)
    at runTestInternal (D:\ - 2025 - 22.06- copy C\_AA_Postfach 01.01.2025\03.07.2025 Arbeit 02.11.2025\JurisMind - Mietrecht 01\services\backend\node_modules\jest-runner\build\runTest.js:367:16)
    at runTest (D:\ - 2025 - 22.06- copy C\_AA_Postfach 01.01.2025\03.07.2025 Arbeit 02.11.2025\JurisMind - Mietrecht 01\services\backend\node_modules\jest-runner\build\runTest.js:444:34)
    at Object.worker (D:\ - 2025 - 22.06- copy C\_AA_Postfach 01.01.2025\03.07.2025 Arbeit 02.11.2025\JurisMind - Mietrecht 01\services\backend\node_modules\jest-runner\build\testWorker.js:106:12)</failure>
    </testcase>
    <testcase classname="EmailService Unit Tests sendPasswordResetEmail should send password reset email successfully" name="EmailService Unit Tests sendPasswordResetEmail should send password reset email successfully" time="0">
      <failure>TypeError: nodemailer_1.default.createTransport is not a function
    at new EmailService (D:\ - 2025 - 22.06- copy C\_AA_Postfach 01.01.2025\03.07.2025 Arbeit 02.11.2025\JurisMind - Mietrecht 01\services\backend\src\services\EmailService.ts:59:35)
    at Object.&lt;anonymous&gt; (D:\ - 2025 - 22.06- copy C\_AA_Postfach 01.01.2025\03.07.2025 Arbeit 02.11.2025\JurisMind - Mietrecht 01\services\backend\src\tests\emailService.test.ts:16:20)
    at Promise.then.completed (D:\ - 2025 - 22.06- copy C\_AA_Postfach 01.01.2025\03.07.2025 Arbeit 02.11.2025\JurisMind - Mietrecht 01\services\backend\node_modules\jest-circus\build\utils.js:298:28)
    at new Promise (&lt;anonymous&gt;)
    at callAsyncCircusFn (D:\ - 2025 - 22.06- copy C\_AA_Postfach 01.01.2025\03.07.2025 Arbeit 02.11.2025\JurisMind - Mietrecht 01\services\backend\node_modules\jest-circus\build\utils.js:231:10)
    at _callCircusHook (D:\ - 2025 - 22.06- copy C\_AA_Postfach 01.01.2025\03.07.2025 Arbeit 02.11.2025\JurisMind - Mietrecht 01\services\backend\node_modules\jest-circus\build\run.js:281:40)
    at processTicksAndRejections (node:internal/process/task_queues:103:5)
    at _runTest (D:\ - 2025 - 22.06- copy C\_AA_Postfach 01.01.2025\03.07.2025 Arbeit 02.11.2025\JurisMind - Mietrecht 01\services\backend\node_modules\jest-circus\build\run.js:246:5)
    at _runTestsForDescribeBlock (D:\ - 2025 - 22.06- copy C\_AA_Postfach 01.01.2025\03.07.2025 Arbeit 02.11.2025\JurisMind - Mietrecht 01\services\backend\node_modules\jest-circus\build\run.js:126:9)
    at _runTestsForDescribeBlock (D:\ - 2025 - 22.06- copy C\_AA_Postfach 01.01.2025\03.07.2025 Arbeit 02.11.2025\JurisMind - Mietrecht 01\services\backend\node_modules\jest-circus\build\run.js:121:9)
    at _runTestsForDescribeBlock (D:\ - 2025 - 22.06- copy C\_AA_Postfach 01.01.2025\03.07.2025 Arbeit 02.11.2025\JurisMind - Mietrecht 01\services\backend\node_modules\jest-circus\build\run.js:121:9)
    at run (D:\ - 2025 - 22.06- copy C\_AA_Postfach 01.01.2025\03.07.2025 Arbeit 02.11.2025\JurisMind - Mietrecht 01\services\backend\node_modules\jest-circus\build\run.js:71:3)
    at runAndTransformResultsToJestFormat (D:\ - 2025 - 22.06- copy C\_AA_Postfach 01.01.2025\03.07.2025 Arbeit 02.11.2025\JurisMind - Mietrecht 01\services\backend\node_modules\jest-circus\build\legacy-code-todo-rewrite\jestAdapterInit.js:122:21)
    at jestAdapter (D:\ - 2025 - 22.06- copy C\_AA_Postfach 01.01.2025\03.07.2025 Arbeit 02.11.2025\JurisMind - Mietrecht 01\services\backend\node_modules\jest-circus\build\legacy-code-todo-rewrite\jestAdapter.js:79:19)
    at runTestInternal (D:\ - 2025 - 22.06- copy C\_AA_Postfach 01.01.2025\03.07.2025 Arbeit 02.11.2025\JurisMind - Mietrecht 01\services\backend\node_modules\jest-runner\build\runTest.js:367:16)
    at runTest (D:\ - 2025 - 22.06- copy C\_AA_Postfach 01.01.2025\03.07.2025 Arbeit 02.11.2025\JurisMind - Mietrecht 01\services\backend\node_modules\jest-runner\build\runTest.js:444:34)
    at Object.worker (D:\ - 2025 - 22.06- copy C\_AA_Postfach 01.01.2025\03.07.2025 Arbeit 02.11.2025\JurisMind - Mietrecht 01\services\backend\node_modules\jest-runner\build\testWorker.js:106:12)</failure>
    </testcase>
    <testcase classname="EmailService Unit Tests sendWelcomeEmail should send welcome email successfully" name="EmailService Unit Tests sendWelcomeEmail should send welcome email successfully" time="0.001">
      <failure>TypeError: nodemailer_1.default.createTransport is not a function
    at new EmailService (D:\ - 2025 - 22.06- copy C\_AA_Postfach 01.01.2025\03.07.2025 Arbeit 02.11.2025\JurisMind - Mietrecht 01\services\backend\src\services\EmailService.ts:59:35)
    at Object.&lt;anonymous&gt; (D:\ - 2025 - 22.06- copy C\_AA_Postfach 01.01.2025\03.07.2025 Arbeit 02.11.2025\JurisMind - Mietrecht 01\services\backend\src\tests\emailService.test.ts:16:20)
    at Promise.then.completed (D:\ - 2025 - 22.06- copy C\_AA_Postfach 01.01.2025\03.07.2025 Arbeit 02.11.2025\JurisMind - Mietrecht 01\services\backend\node_modules\jest-circus\build\utils.js:298:28)
    at new Promise (&lt;anonymous&gt;)
    at callAsyncCircusFn (D:\ - 2025 - 22.06- copy C\_AA_Postfach 01.01.2025\03.07.2025 Arbeit 02.11.2025\JurisMind - Mietrecht 01\services\backend\node_modules\jest-circus\build\utils.js:231:10)
    at _callCircusHook (D:\ - 2025 - 22.06- copy C\_AA_Postfach 01.01.2025\03.07.2025 Arbeit 02.11.2025\JurisMind - Mietrecht 01\services\backend\node_modules\jest-circus\build\run.js:281:40)
    at processTicksAndRejections (node:internal/process/task_queues:103:5)
    at _runTest (D:\ - 2025 - 22.06- copy C\_AA_Postfach 01.01.2025\03.07.2025 Arbeit 02.11.2025\JurisMind - Mietrecht 01\services\backend\node_modules\jest-circus\build\run.js:246:5)
    at _runTestsForDescribeBlock (D:\ - 2025 - 22.06- copy C\_AA_Postfach 01.01.2025\03.07.2025 Arbeit 02.11.2025\JurisMind - Mietrecht 01\services\backend\node_modules\jest-circus\build\run.js:126:9)
    at _runTestsForDescribeBlock (D:\ - 2025 - 22.06- copy C\_AA_Postfach 01.01.2025\03.07.2025 Arbeit 02.11.2025\JurisMind - Mietrecht 01\services\backend\node_modules\jest-circus\build\run.js:121:9)
    at _runTestsForDescribeBlock (D:\ - 2025 - 22.06- copy C\_AA_Postfach 01.01.2025\03.07.2025 Arbeit 02.11.2025\JurisMind - Mietrecht 01\services\backend\node_modules\jest-circus\build\run.js:121:9)
    at run (D:\ - 2025 - 22.06- copy C\_AA_Postfach 01.01.2025\03.07.2025 Arbeit 02.11.2025\JurisMind - Mietrecht 01\services\backend\node_modules\jest-circus\build\run.js:71:3)
    at runAndTransformResultsToJestFormat (D:\ - 2025 - 22.06- copy C\_AA_Postfach 01.01.2025\03.07.2025 Arbeit 02.11.2025\JurisMind - Mietrecht 01\services\backend\node_modules\jest-circus\build\legacy-code-todo-rewrite\jestAdapterInit.js:122:21)
    at jestAdapter (D:\ - 2025 - 22.06- copy C\_AA_Postfach 01.01.2025\03.07.2025 Arbeit 02.11.2025\JurisMind - Mietrecht 01\services\backend\node_modules\jest-circus\build\legacy-code-todo-rewrite\jestAdapter.js:79:19)
    at runTestInternal (D:\ - 2025 - 22.06- copy C\_AA_Postfach 01.01.2025\03.07.2025 Arbeit 02.11.2025\JurisMind - Mietrecht 01\services\backend\node_modules\jest-runner\build\runTest.js:367:16)
    at runTest (D:\ - 2025 - 22.06- copy C\_AA_Postfach 01.01.2025\03.07.2025 Arbeit 02.11.2025\JurisMind - Mietrecht 01\services\backend\node_modules\jest-runner\build\runTest.js:444:34)
    at Object.worker (D:\ - 2025 - 22.06- copy C\_AA_Postfach 01.01.2025\03.07.2025 Arbeit 02.11.2025\JurisMind - Mietrecht 01\services\backend\node_modules\jest-runner\build\testWorker.js:106:12)</failure>
    </testcase>
    <testcase classname="EmailService Unit Tests sendTemplatedEmail should send templated email successfully" name="EmailService Unit Tests sendTemplatedEmail should send templated email successfully" time="0.002">
      <failure>TypeError: nodemailer_1.default.createTransport is not a function
    at new EmailService (D:\ - 2025 - 22.06- copy C\_AA_Postfach 01.01.2025\03.07.2025 Arbeit 02.11.2025\JurisMind - Mietrecht 01\services\backend\src\services\EmailService.ts:59:35)
    at Object.&lt;anonymous&gt; (D:\ - 2025 - 22.06- copy C\_AA_Postfach 01.01.2025\03.07.2025 Arbeit 02.11.2025\JurisMind - Mietrecht 01\services\backend\src\tests\emailService.test.ts:16:20)
    at Promise.then.completed (D:\ - 2025 - 22.06- copy C\_AA_Postfach 01.01.2025\03.07.2025 Arbeit 02.11.2025\JurisMind - Mietrecht 01\services\backend\node_modules\jest-circus\build\utils.js:298:28)
    at new Promise (&lt;anonymous&gt;)
    at callAsyncCircusFn (D:\ - 2025 - 22.06- copy C\_AA_Postfach 01.01.2025\03.07.2025 Arbeit 02.11.2025\JurisMind - Mietrecht 01\services\backend\node_modules\jest-circus\build\utils.js:231:10)
    at _callCircusHook (D:\ - 2025 - 22.06- copy C\_AA_Postfach 01.01.2025\03.07.2025 Arbeit 02.11.2025\JurisMind - Mietrecht 01\services\backend\node_modules\jest-circus\build\run.js:281:40)
    at processTicksAndRejections (node:internal/process/task_queues:103:5)
    at _runTest (D:\ - 2025 - 22.06- copy C\_AA_Postfach 01.01.2025\03.07.2025 Arbeit 02.11.2025\JurisMind - Mietrecht 01\services\backend\node_modules\jest-circus\build\run.js:246:5)
    at _runTestsForDescribeBlock (D:\ - 2025 - 22.06- copy C\_AA_Postfach 01.01.2025\03.07.2025 Arbeit 02.11.2025\JurisMind - Mietrecht 01\services\backend\node_modules\jest-circus\build\run.js:126:9)
    at _runTestsForDescribeBlock (D:\ - 2025 - 22.06- copy C\_AA_Postfach 01.01.2025\03.07.2025 Arbeit 02.11.2025\JurisMind - Mietrecht 01\services\backend\node_modules\jest-circus\build\run.js:121:9)
    at _runTestsForDescribeBlock (D:\ - 2025 - 22.06- copy C\_AA_Postfach 01.01.2025\03.07.2025 Arbeit 02.11.2025\JurisMind - Mietrecht 01\services\backend\node_modules\jest-circus\build\run.js:121:9)
    at run (D:\ - 2025 - 22.06- copy C\_AA_Postfach 01.01.2025\03.07.2025 Arbeit 02.11.2025\JurisMind - Mietrecht 01\services\backend\node_modules\jest-circus\build\run.js:71:3)
    at runAndTransformResultsToJestFormat (D:\ - 2025 - 22.06- copy C\_AA_Postfach 01.01.2025\03.07.2025 Arbeit 02.11.2025\JurisMind - Mietrecht 01\services\backend\node_modules\jest-circus\build\legacy-code-todo-rewrite\jestAdapterInit.js:122:21)
    at jestAdapter (D:\ - 2025 - 22.06- copy C\_AA_Postfach 01.01.2025\03.07.2025 Arbeit 02.11.2025\JurisMind - Mietrecht 01\services\backend\node_modules\jest-circus\build\legacy-code-todo-rewrite\jestAdapter.js:79:19)
    at runTestInternal (D:\ - 2025 - 22.06- copy C\_AA_Postfach 01.01.2025\03.07.2025 Arbeit 02.11.2025\JurisMind - Mietrecht 01\services\backend\node_modules\jest-runner\build\runTest.js:367:16)
    at runTest (D:\ - 2025 - 22.06- copy C\_AA_Postfach 01.01.2025\03.07.2025 Arbeit 02.11.2025\JurisMind - Mietrecht 01\services\backend\node_modules\jest-runner\build\runTest.js:444:34)
    at Object.worker (D:\ - 2025 - 22.06- copy C\_AA_Postfach 01.01.2025\03.07.2025 Arbeit 02.11.2025\JurisMind - Mietrecht 01\services\backend\node_modules\jest-runner\build\testWorker.js:106:12)</failure>
    </testcase>
    <testcase classname="EmailService Unit Tests sendTemplatedEmail should throw error for non-existent template" name="EmailService Unit Tests sendTemplatedEmail should throw error for non-existent template" time="0">
      <failure>TypeError: nodemailer_1.default.createTransport is not a function
    at new EmailService (D:\ - 2025 - 22.06- copy C\_AA_Postfach 01.01.2025\03.07.2025 Arbeit 02.11.2025\JurisMind - Mietrecht 01\services\backend\src\services\EmailService.ts:59:35)
    at Object.&lt;anonymous&gt; (D:\ - 2025 - 22.06- copy C\_AA_Postfach 01.01.2025\03.07.2025 Arbeit 02.11.2025\JurisMind - Mietrecht 01\services\backend\src\tests\emailService.test.ts:16:20)
    at Promise.then.completed (D:\ - 2025 - 22.06- copy C\_AA_Postfach 01.01.2025\03.07.2025 Arbeit 02.11.2025\JurisMind - Mietrecht 01\services\backend\node_modules\jest-circus\build\utils.js:298:28)
    at new Promise (&lt;anonymous&gt;)
    at callAsyncCircusFn (D:\ - 2025 - 22.06- copy C\_AA_Postfach 01.01.2025\03.07.2025 Arbeit 02.11.2025\JurisMind - Mietrecht 01\services\backend\node_modules\jest-circus\build\utils.js:231:10)
    at _callCircusHook (D:\ - 2025 - 22.06- copy C\_AA_Postfach 01.01.2025\03.07.2025 Arbeit 02.11.2025\JurisMind - Mietrecht 01\services\backend\node_modules\jest-circus\build\run.js:281:40)
    at processTicksAndRejections (node:internal/process/task_queues:103:5)
    at _runTest (D:\ - 2025 - 22.06- copy C\_AA_Postfach 01.01.2025\03.07.2025 Arbeit 02.11.2025\JurisMind - Mietrecht 01\services\backend\node_modules\jest-circus\build\run.js:246:5)
    at _runTestsForDescribeBlock (D:\ - 2025 - 22.06- copy C\_AA_Postfach 01.01.2025\03.07.2025 Arbeit 02.11.2025\JurisMind - Mietrecht 01\services\backend\node_modules\jest-circus\build\run.js:126:9)
    at _runTestsForDescribeBlock (D:\ - 2025 - 22.06- copy C\_AA_Postfach 01.01.2025\03.07.2025 Arbeit 02.11.2025\JurisMind - Mietrecht 01\services\backend\node_modules\jest-circus\build\run.js:121:9)
    at _runTestsForDescribeBlock (D:\ - 2025 - 22.06- copy C\_AA_Postfach 01.01.2025\03.07.2025 Arbeit 02.11.2025\JurisMind - Mietrecht 01\services\backend\node_modules\jest-circus\build\run.js:121:9)
    at run (D:\ - 2025 - 22.06- copy C\_AA_Postfach 01.01.2025\03.07.2025 Arbeit 02.11.2025\JurisMind - Mietrecht 01\services\backend\node_modules\jest-circus\build\run.js:71:3)
    at runAndTransformResultsToJestFormat (D:\ - 2025 - 22.06- copy C\_AA_Postfach 01.01.2025\03.07.2025 Arbeit 02.11.2025\JurisMind - Mietrecht 01\services\backend\node_modules\jest-circus\build\legacy-code-todo-rewrite\jestAdapterInit.js:122:21)
    at jestAdapter (D:\ - 2025 - 22.06- copy C\_AA_Postfach 01.01.2025\03.07.2025 Arbeit 02.11.2025\JurisMind - Mietrecht 01\services\backend\node_modules\jest-circus\build\legacy-code-todo-rewrite\jestAdapter.js:79:19)
    at runTestInternal (D:\ - 2025 - 22.06- copy C\_AA_Postfach 01.01.2025\03.07.2025 Arbeit 02.11.2025\JurisMind - Mietrecht 01\services\backend\node_modules\jest-runner\build\runTest.js:367:16)
    at runTest (D:\ - 2025 - 22.06- copy C\_AA_Postfach 01.01.2025\03.07.2025 Arbeit 02.11.2025\JurisMind - Mietrecht 01\services\backend\node_modules\jest-runner\build\runTest.js:444:34)
    at Object.worker (D:\ - 2025 - 22.06- copy C\_AA_Postfach 01.01.2025\03.07.2025 Arbeit 02.11.2025\JurisMind - Mietrecht 01\services\backend\node_modules\jest-runner\build\testWorker.js:106:12)</failure>
    </testcase>
    <testcase classname="EmailService Unit Tests sendEmail should send simple email successfully" name="EmailService Unit Tests sendEmail should send simple email successfully" time="0.001">
      <failure>TypeError: nodemailer_1.default.createTransport is not a function
    at new EmailService (D:\ - 2025 - 22.06- copy C\_AA_Postfach 01.01.2025\03.07.2025 Arbeit 02.11.2025\JurisMind - Mietrecht 01\services\backend\src\services\EmailService.ts:59:35)
    at Object.&lt;anonymous&gt; (D:\ - 2025 - 22.06- copy C\_AA_Postfach 01.01.2025\03.07.2025 Arbeit 02.11.2025\JurisMind - Mietrecht 01\services\backend\src\tests\emailService.test.ts:16:20)
    at Promise.then.completed (D:\ - 2025 - 22.06- copy C\_AA_Postfach 01.01.2025\03.07.2025 Arbeit 02.11.2025\JurisMind - Mietrecht 01\services\backend\node_modules\jest-circus\build\utils.js:298:28)
    at new Promise (&lt;anonymous&gt;)
    at callAsyncCircusFn (D:\ - 2025 - 22.06- copy C\_AA_Postfach 01.01.2025\03.07.2025 Arbeit 02.11.2025\JurisMind - Mietrecht 01\services\backend\node_modules\jest-circus\build\utils.js:231:10)
    at _callCircusHook (D:\ - 2025 - 22.06- copy C\_AA_Postfach 01.01.2025\03.07.2025 Arbeit 02.11.2025\JurisMind - Mietrecht 01\services\backend\node_modules\jest-circus\build\run.js:281:40)
    at processTicksAndRejections (node:internal/process/task_queues:103:5)
    at _runTest (D:\ - 2025 - 22.06- copy C\_AA_Postfach 01.01.2025\03.07.2025 Arbeit 02.11.2025\JurisMind - Mietrecht 01\services\backend\node_modules\jest-circus\build\run.js:246:5)
    at _runTestsForDescribeBlock (D:\ - 2025 - 22.06- copy C\_AA_Postfach 01.01.2025\03.07.2025 Arbeit 02.11.2025\JurisMind - Mietrecht 01\services\backend\node_modules\jest-circus\build\run.js:126:9)
    at _runTestsForDescribeBlock (D:\ - 2025 - 22.06- copy C\_AA_Postfach 01.01.2025\03.07.2025 Arbeit 02.11.2025\JurisMind - Mietrecht 01\services\backend\node_modules\jest-circus\build\run.js:121:9)
    at _runTestsForDescribeBlock (D:\ - 2025 - 22.06- copy C\_AA_Postfach 01.01.2025\03.07.2025 Arbeit 02.11.2025\JurisMind - Mietrecht 01\services\backend\node_modules\jest-circus\build\run.js:121:9)
    at run (D:\ - 2025 - 22.06- copy C\_AA_Postfach 01.01.2025\03.07.2025 Arbeit 02.11.2025\JurisMind - Mietrecht 01\services\backend\node_modules\jest-circus\build\run.js:71:3)
    at runAndTransformResultsToJestFormat (D:\ - 2025 - 22.06- copy C\_AA_Postfach 01.01.2025\03.07.2025 Arbeit 02.11.2025\JurisMind - Mietrecht 01\services\backend\node_modules\jest-circus\build\legacy-code-todo-rewrite\jestAdapterInit.js:122:21)
    at jestAdapter (D:\ - 2025 - 22.06- copy C\_AA_Postfach 01.01.2025\03.07.2025 Arbeit 02.11.2025\JurisMind - Mietrecht 01\services\backend\node_modules\jest-circus\build\legacy-code-todo-rewrite\jestAdapter.js:79:19)
    at runTestInternal (D:\ - 2025 - 22.06- copy C\_AA_Postfach 01.01.2025\03.07.2025 Arbeit 02.11.2025\JurisMind - Mietrecht 01\services\backend\node_modules\jest-runner\build\runTest.js:367:16)
    at runTest (D:\ - 2025 - 22.06- copy C\_AA_Postfach 01.01.2025\03.07.2025 Arbeit 02.11.2025\JurisMind - Mietrecht 01\services\backend\node_modules\jest-runner\build\runTest.js:444:34)
    at Object.worker (D:\ - 2025 - 22.06- copy C\_AA_Postfach 01.01.2025\03.07.2025 Arbeit 02.11.2025\JurisMind - Mietrecht 01\services\backend\node_modules\jest-runner\build\testWorker.js:106:12)</failure>
    </testcase>
    <testcase classname="EmailService Unit Tests verifyConnection should verify email connection successfully" name="EmailService Unit Tests verifyConnection should verify email connection successfully" time="0.001">
      <failure>TypeError: nodemailer_1.default.createTransport is not a function
    at new EmailService (D:\ - 2025 - 22.06- copy C\_AA_Postfach 01.01.2025\03.07.2025 Arbeit 02.11.2025\JurisMind - Mietrecht 01\services\backend\src\services\EmailService.ts:59:35)
    at Object.&lt;anonymous&gt; (D:\ - 2025 - 22.06- copy C\_AA_Postfach 01.01.2025\03.07.2025 Arbeit 02.11.2025\JurisMind - Mietrecht 01\services\backend\src\tests\emailService.test.ts:16:20)
    at Promise.then.completed (D:\ - 2025 - 22.06- copy C\_AA_Postfach 01.01.2025\03.07.2025 Arbeit 02.11.2025\JurisMind - Mietrecht 01\services\backend\node_modules\jest-circus\build\utils.js:298:28)
    at new Promise (&lt;anonymous&gt;)
    at callAsyncCircusFn (D:\ - 2025 - 22.06- copy C\_AA_Postfach 01.01.2025\03.07.2025 Arbeit 02.11.2025\JurisMind - Mietrecht 01\services\backend\node_modules\jest-circus\build\utils.js:231:10)
    at _callCircusHook (D:\ - 2025 - 22.06- copy C\_AA_Postfach 01.01.2025\03.07.2025 Arbeit 02.11.2025\JurisMind - Mietrecht 01\services\backend\node_modules\jest-circus\build\run.js:281:40)
    at processTicksAndRejections (node:internal/process/task_queues:103:5)
    at _runTest (D:\ - 2025 - 22.06- copy C\_AA_Postfach 01.01.2025\03.07.2025 Arbeit 02.11.2025\JurisMind - Mietrecht 01\services\backend\node_modules\jest-circus\build\run.js:246:5)
    at _runTestsForDescribeBlock (D:\ - 2025 - 22.06- copy C\_AA_Postfach 01.01.2025\03.07.2025 Arbeit 02.11.2025\JurisMind - Mietrecht 01\services\backend\node_modules\jest-circus\build\run.js:126:9)
    at _runTestsForDescribeBlock (D:\ - 2025 - 22.06- copy C\_AA_Postfach 01.01.2025\03.07.2025 Arbeit 02.11.2025\JurisMind - Mietrecht 01\services\backend\node_modules\jest-circus\build\run.js:121:9)
    at _runTestsForDescribeBlock (D:\ - 2025 - 22.06- copy C\_AA_Postfach 01.01.2025\03.07.2025 Arbeit 02.11.2025\JurisMind - Mietrecht 01\services\backend\node_modules\jest-circus\build\run.js:121:9)
    at run (D:\ - 2025 - 22.06- copy C\_AA_Postfach 01.01.2025\03.07.2025 Arbeit 02.11.2025\JurisMind - Mietrecht 01\services\backend\node_modules\jest-circus\build\run.js:71:3)
    at runAndTransformResultsToJestFormat (D:\ - 2025 - 22.06- copy C\_AA_Postfach 01.01.2025\03.07.2025 Arbeit 02.11.2025\JurisMind - Mietrecht 01\services\backend\node_modules\jest-circus\build\legacy-code-todo-rewrite\jestAdapterInit.js:122:21)
    at jestAdapter (D:\ - 2025 - 22.06- copy C\_AA_Postfach 01.01.2025\03.07.2025 Arbeit 02.11.2025\JurisMind - Mietrecht 01\services\backend\node_modules\jest-circus\build\legacy-code-todo-rewrite\jestAdapter.js:79:19)
    at runTestInternal (D:\ - 2025 - 22.06- copy C\_AA_Postfach 01.01.2025\03.07.2025 Arbeit 02.11.2025\JurisMind - Mietrecht 01\services\backend\node_modules\jest-runner\build\runTest.js:367:16)
    at runTest (D:\ - 2025 - 22.06- copy C\_AA_Postfach 01.01.2025\03.07.2025 Arbeit 02.11.2025\JurisMind - Mietrecht 01\services\backend\node_modules\jest-runner\build\runTest.js:444:34)
    at Object.worker (D:\ - 2025 - 22.06- copy C\_AA_Postfach 01.01.2025\03.07.2025 Arbeit 02.11.2025\JurisMind - Mietrecht 01\services\backend\node_modules\jest-runner\build\testWorker.js:106:12)</failure>
    </testcase>
    <testcase classname="EmailService Unit Tests verifyConnection should handle connection failure" name="EmailService Unit Tests verifyConnection should handle connection failure" time="0.001">
      <failure>TypeError: nodemailer_1.default.createTransport is not a function
    at new EmailService (D:\ - 2025 - 22.06- copy C\_AA_Postfach 01.01.2025\03.07.2025 Arbeit 02.11.2025\JurisMind - Mietrecht 01\services\backend\src\services\EmailService.ts:59:35)
    at Object.&lt;anonymous&gt; (D:\ - 2025 - 22.06- copy C\_AA_Postfach 01.01.2025\03.07.2025 Arbeit 02.11.2025\JurisMind - Mietrecht 01\services\backend\src\tests\emailService.test.ts:16:20)
    at Promise.then.completed (D:\ - 2025 - 22.06- copy C\_AA_Postfach 01.01.2025\03.07.2025 Arbeit 02.11.2025\JurisMind - Mietrecht 01\services\backend\node_modules\jest-circus\build\utils.js:298:28)
    at new Promise (&lt;anonymous&gt;)
    at callAsyncCircusFn (D:\ - 2025 - 22.06- copy C\_AA_Postfach 01.01.2025\03.07.2025 Arbeit 02.11.2025\JurisMind - Mietrecht 01\services\backend\node_modules\jest-circus\build\utils.js:231:10)
    at _callCircusHook (D:\ - 2025 - 22.06- copy C\_AA_Postfach 01.01.2025\03.07.2025 Arbeit 02.11.2025\JurisMind - Mietrecht 01\services\backend\node_modules\jest-circus\build\run.js:281:40)
    at processTicksAndRejections (node:internal/process/task_queues:103:5)
    at _runTest (D:\ - 2025 - 22.06- copy C\_AA_Postfach 01.01.2025\03.07.2025 Arbeit 02.11.2025\JurisMind - Mietrecht 01\services\backend\node_modules\jest-circus\build\run.js:246:5)
    at _runTestsForDescribeBlock (D:\ - 2025 - 22.06- copy C\_AA_Postfach 01.01.2025\03.07.2025 Arbeit 02.11.2025\JurisMind - Mietrecht 01\services\backend\node_modules\jest-circus\build\run.js:126:9)
    at _runTestsForDescribeBlock (D:\ - 2025 - 22.06- copy C\_AA_Postfach 01.01.2025\03.07.2025 Arbeit 02.11.2025\JurisMind - Mietrecht 01\services\backend\node_modules\jest-circus\build\run.js:121:9)
    at _runTestsForDescribeBlock (D:\ - 2025 - 22.06- copy C\_AA_Postfach 01.01.2025\03.07.2025 Arbeit 02.11.2025\JurisMind - Mietrecht 01\services\backend\node_modules\jest-circus\build\run.js:121:9)
    at run (D:\ - 2025 - 22.06- copy C\_AA_Postfach 01.01.2025\03.07.2025 Arbeit 02.11.2025\JurisMind - Mietrecht 01\services\backend\node_modules\jest-circus\build\run.js:71:3)
    at runAndTransformResultsToJestFormat (D:\ - 2025 - 22.06- copy C\_AA_Postfach 01.01.2025\03.07.2025 Arbeit 02.11.2025\JurisMind - Mietrecht 01\services\backend\node_modules\jest-circus\build\legacy-code-todo-rewrite\jestAdapterInit.js:122:21)
    at jestAdapter (D:\ - 2025 - 22.06- copy C\_AA_Postfach 01.01.2025\03.07.2025 Arbeit 02.11.2025\JurisMind - Mietrecht 01\services\backend\node_modules\jest-circus\build\legacy-code-todo-rewrite\jestAdapter.js:79:19)
    at runTestInternal (D:\ - 2025 - 22.06- copy C\_AA_Postfach 01.01.2025\03.07.2025 Arbeit 02.11.2025\JurisMind - Mietrecht 01\services\backend\node_modules\jest-runner\build\runTest.js:367:16)
    at runTest (D:\ - 2025 - 22.06- copy C\_AA_Postfach 01.01.2025\03.07.2025 Arbeit 02.11.2025\JurisMind - Mietrecht 01\services\backend\node_modules\jest-runner\build\runTest.js:444:34)
    at Object.worker (D:\ - 2025 - 22.06- copy C\_AA_Postfach 01.01.2025\03.07.2025 Arbeit 02.11.2025\JurisMind - Mietrecht 01\services\backend\node_modules\jest-runner\build\testWorker.js:106:12)</failure>
    </testcase>
    <testcase classname="EmailService Unit Tests template rendering should render template with data correctly" name="EmailService Unit Tests template rendering should render template with data correctly" time="0">
      <failure>TypeError: nodemailer_1.default.createTransport is not a function
    at new EmailService (D:\ - 2025 - 22.06- copy C\_AA_Postfach 01.01.2025\03.07.2025 Arbeit 02.11.2025\JurisMind - Mietrecht 01\services\backend\src\services\EmailService.ts:59:35)
    at Object.&lt;anonymous&gt; (D:\ - 2025 - 22.06- copy C\_AA_Postfach 01.01.2025\03.07.2025 Arbeit 02.11.2025\JurisMind - Mietrecht 01\services\backend\src\tests\emailService.test.ts:16:20)
    at Promise.then.completed (D:\ - 2025 - 22.06- copy C\_AA_Postfach 01.01.2025\03.07.2025 Arbeit 02.11.2025\JurisMind - Mietrecht 01\services\backend\node_modules\jest-circus\build\utils.js:298:28)
    at new Promise (&lt;anonymous&gt;)
    at callAsyncCircusFn (D:\ - 2025 - 22.06- copy C\_AA_Postfach 01.01.2025\03.07.2025 Arbeit 02.11.2025\JurisMind - Mietrecht 01\services\backend\node_modules\jest-circus\build\utils.js:231:10)
    at _callCircusHook (D:\ - 2025 - 22.06- copy C\_AA_Postfach 01.01.2025\03.07.2025 Arbeit 02.11.2025\JurisMind - Mietrecht 01\services\backend\node_modules\jest-circus\build\run.js:281:40)
    at processTicksAndRejections (node:internal/process/task_queues:103:5)
    at _runTest (D:\ - 2025 - 22.06- copy C\_AA_Postfach 01.01.2025\03.07.2025 Arbeit 02.11.2025\JurisMind - Mietrecht 01\services\backend\node_modules\jest-circus\build\run.js:246:5)
    at _runTestsForDescribeBlock (D:\ - 2025 - 22.06- copy C\_AA_Postfach 01.01.2025\03.07.2025 Arbeit 02.11.2025\JurisMind - Mietrecht 01\services\backend\node_modules\jest-circus\build\run.js:126:9)
    at _runTestsForDescribeBlock (D:\ - 2025 - 22.06- copy C\_AA_Postfach 01.01.2025\03.07.2025 Arbeit 02.11.2025\JurisMind - Mietrecht 01\services\backend\node_modules\jest-circus\build\run.js:121:9)
    at _runTestsForDescribeBlock (D:\ - 2025 - 22.06- copy C\_AA_Postfach 01.01.2025\03.07.2025 Arbeit 02.11.2025\JurisMind - Mietrecht 01\services\backend\node_modules\jest-circus\build\run.js:121:9)
    at run (D:\ - 2025 - 22.06- copy C\_AA_Postfach 01.01.2025\03.07.2025 Arbeit 02.11.2025\JurisMind - Mietrecht 01\services\backend\node_modules\jest-circus\build\run.js:71:3)
    at runAndTransformResultsToJestFormat (D:\ - 2025 - 22.06- copy C\_AA_Postfach 01.01.2025\03.07.2025 Arbeit 02.11.2025\JurisMind - Mietrecht 01\services\backend\node_modules\jest-circus\build\legacy-code-todo-rewrite\jestAdapterInit.js:122:21)
    at jestAdapter (D:\ - 2025 - 22.06- copy C\_AA_Postfach 01.01.2025\03.07.2025 Arbeit 02.11.2025\JurisMind - Mietrecht 01\services\backend\node_modules\jest-circus\build\legacy-code-todo-rewrite\jestAdapter.js:79:19)
    at runTestInternal (D:\ - 2025 - 22.06- copy C\_AA_Postfach 01.01.2025\03.07.2025 Arbeit 02.11.2025\JurisMind - Mietrecht 01\services\backend\node_modules\jest-runner\build\runTest.js:367:16)
    at runTest (D:\ - 2025 - 22.06- copy C\_AA_Postfach 01.01.2025\03.07.2025 Arbeit 02.11.2025\JurisMind - Mietrecht 01\services\backend\node_modules\jest-runner\build\runTest.js:444:34)
    at Object.worker (D:\ - 2025 - 22.06- copy C\_AA_Postfach 01.01.2025\03.07.2025 Arbeit 02.11.2025\JurisMind - Mietrecht 01\services\backend\node_modules\jest-runner\build\testWorker.js:106:12)</failure>
    </testcase>
    <testcase classname="EmailService Unit Tests template rendering should handle conditional templates" name="EmailService Unit Tests template rendering should handle conditional templates" time="0">
      <failure>TypeError: nodemailer_1.default.createTransport is not a function
    at new EmailService (D:\ - 2025 - 22.06- copy C\_AA_Postfach 01.01.2025\03.07.2025 Arbeit 02.11.2025\JurisMind - Mietrecht 01\services\backend\src\services\EmailService.ts:59:35)
    at Object.&lt;anonymous&gt; (D:\ - 2025 - 22.06- copy C\_AA_Postfach 01.01.2025\03.07.2025 Arbeit 02.11.2025\JurisMind - Mietrecht 01\services\backend\src\tests\emailService.test.ts:16:20)
    at Promise.then.completed (D:\ - 2025 - 22.06- copy C\_AA_Postfach 01.01.2025\03.07.2025 Arbeit 02.11.2025\JurisMind - Mietrecht 01\services\backend\node_modules\jest-circus\build\utils.js:298:28)
    at new Promise (&lt;anonymous&gt;)
    at callAsyncCircusFn (D:\ - 2025 - 22.06- copy C\_AA_Postfach 01.01.2025\03.07.2025 Arbeit 02.11.2025\JurisMind - Mietrecht 01\services\backend\node_modules\jest-circus\build\utils.js:231:10)
    at _callCircusHook (D:\ - 2025 - 22.06- copy C\_AA_Postfach 01.01.2025\03.07.2025 Arbeit 02.11.2025\JurisMind - Mietrecht 01\services\backend\node_modules\jest-circus\build\run.js:281:40)
    at processTicksAndRejections (node:internal/process/task_queues:103:5)
    at _runTest (D:\ - 2025 - 22.06- copy C\_AA_Postfach 01.01.2025\03.07.2025 Arbeit 02.11.2025\JurisMind - Mietrecht 01\services\backend\node_modules\jest-circus\build\run.js:246:5)
    at _runTestsForDescribeBlock (D:\ - 2025 - 22.06- copy C\_AA_Postfach 01.01.2025\03.07.2025 Arbeit 02.11.2025\JurisMind - Mietrecht 01\services\backend\node_modules\jest-circus\build\run.js:126:9)
    at _runTestsForDescribeBlock (D:\ - 2025 - 22.06- copy C\_AA_Postfach 01.01.2025\03.07.2025 Arbeit 02.11.2025\JurisMind - Mietrecht 01\services\backend\node_modules\jest-circus\build\run.js:121:9)
    at _runTestsForDescribeBlock (D:\ - 2025 - 22.06- copy C\_AA_Postfach 01.01.2025\03.07.2025 Arbeit 02.11.2025\JurisMind - Mietrecht 01\services\backend\node_modules\jest-circus\build\run.js:121:9)
    at run (D:\ - 2025 - 22.06- copy C\_AA_Postfach 01.01.2025\03.07.2025 Arbeit 02.11.2025\JurisMind - Mietrecht 01\services\backend\node_modules\jest-circus\build\run.js:71:3)
    at runAndTransformResultsToJestFormat (D:\ - 2025 - 22.06- copy C\_AA_Postfach 01.01.2025\03.07.2025 Arbeit 02.11.2025\JurisMind - Mietrecht 01\services\backend\node_modules\jest-circus\build\legacy-code-todo-rewrite\jestAdapterInit.js:122:21)
    at jestAdapter (D:\ - 2025 - 22.06- copy C\_AA_Postfach 01.01.2025\03.07.2025 Arbeit 02.11.2025\JurisMind - Mietrecht 01\services\backend\node_modules\jest-circus\build\legacy-code-todo-rewrite\jestAdapter.js:79:19)
    at runTestInternal (D:\ - 2025 - 22.06- copy C\_AA_Postfach 01.01.2025\03.07.2025 Arbeit 02.11.2025\JurisMind - Mietrecht 01\services\backend\node_modules\jest-runner\build\runTest.js:367:16)
    at runTest (D:\ - 2025 - 22.06- copy C\_AA_Postfach 01.01.2025\03.07.2025 Arbeit 02.11.2025\JurisMind - Mietrecht 01\services\backend\node_modules\jest-runner\build\runTest.js:444:34)
    at Object.worker (D:\ - 2025 - 22.06- copy C\_AA_Postfach 01.01.2025\03.07.2025 Arbeit 02.11.2025\JurisMind - Mietrecht 01\services\backend\node_modules\jest-runner\build\testWorker.js:106:12)</failure>
    </testcase>
    <testcase classname="EmailService Unit Tests template rendering should remove unused placeholders" name="EmailService Unit Tests template rendering should remove unused placeholders" time="0.001">
      <failure>TypeError: nodemailer_1.default.createTransport is not a function
    at new EmailService (D:\ - 2025 - 22.06- copy C\_AA_Postfach 01.01.2025\03.07.2025 Arbeit 02.11.2025\JurisMind - Mietrecht 01\services\backend\src\services\EmailService.ts:59:35)
    at Object.&lt;anonymous&gt; (D:\ - 2025 - 22.06- copy C\_AA_Postfach 01.01.2025\03.07.2025 Arbeit 02.11.2025\JurisMind - Mietrecht 01\services\backend\src\tests\emailService.test.ts:16:20)
    at Promise.then.completed (D:\ - 2025 - 22.06- copy C\_AA_Postfach 01.01.2025\03.07.2025 Arbeit 02.11.2025\JurisMind - Mietrecht 01\services\backend\node_modules\jest-circus\build\utils.js:298:28)
    at new Promise (&lt;anonymous&gt;)
    at callAsyncCircusFn (D:\ - 2025 - 22.06- copy C\_AA_Postfach 01.01.2025\03.07.2025 Arbeit 02.11.2025\JurisMind - Mietrecht 01\services\backend\node_modules\jest-circus\build\utils.js:231:10)
    at _callCircusHook (D:\ - 2025 - 22.06- copy C\_AA_Postfach 01.01.2025\03.07.2025 Arbeit 02.11.2025\JurisMind - Mietrecht 01\services\backend\node_modules\jest-circus\build\run.js:281:40)
    at processTicksAndRejections (node:internal/process/task_queues:103:5)
    at _runTest (D:\ - 2025 - 22.06- copy C\_AA_Postfach 01.01.2025\03.07.2025 Arbeit 02.11.2025\JurisMind - Mietrecht 01\services\backend\node_modules\jest-circus\build\run.js:246:5)
    at _runTestsForDescribeBlock (D:\ - 2025 - 22.06- copy C\_AA_Postfach 01.01.2025\03.07.2025 Arbeit 02.11.2025\JurisMind - Mietrecht 01\services\backend\node_modules\jest-circus\build\run.js:126:9)
    at _runTestsForDescribeBlock (D:\ - 2025 - 22.06- copy C\_AA_Postfach 01.01.2025\03.07.2025 Arbeit 02.11.2025\JurisMind - Mietrecht 01\services\backend\node_modules\jest-circus\build\run.js:121:9)
    at _runTestsForDescribeBlock (D:\ - 2025 - 22.06- copy C\_AA_Postfach 01.01.2025\03.07.2025 Arbeit 02.11.2025\JurisMind - Mietrecht 01\services\backend\node_modules\jest-circus\build\run.js:121:9)
    at run (D:\ - 2025 - 22.06- copy C\_AA_Postfach 01.01.2025\03.07.2025 Arbeit 02.11.2025\JurisMind - Mietrecht 01\services\backend\node_modules\jest-circus\build\run.js:71:3)
    at runAndTransformResultsToJestFormat (D:\ - 2025 - 22.06- copy C\_AA_Postfach 01.01.2025\03.07.2025 Arbeit 02.11.2025\JurisMind - Mietrecht 01\services\backend\node_modules\jest-circus\build\legacy-code-todo-rewrite\jestAdapterInit.js:122:21)
    at jestAdapter (D:\ - 2025 - 22.06- copy C\_AA_Postfach 01.01.2025\03.07.2025 Arbeit 02.11.2025\JurisMind - Mietrecht 01\services\backend\node_modules\jest-circus\build\legacy-code-todo-rewrite\jestAdapter.js:79:19)
    at runTestInternal (D:\ - 2025 - 22.06- copy C\_AA_Postfach 01.01.2025\03.07.2025 Arbeit 02.11.2025\JurisMind - Mietrecht 01\services\backend\node_modules\jest-runner\build\runTest.js:367:16)
    at runTest (D:\ - 2025 - 22.06- copy C\_AA_Postfach 01.01.2025\03.07.2025 Arbeit 02.11.2025\JurisMind - Mietrecht 01\services\backend\node_modules\jest-runner\build\runTest.js:444:34)
    at Object.worker (D:\ - 2025 - 22.06- copy C\_AA_Postfach 01.01.2025\03.07.2025 Arbeit 02.11.2025\JurisMind - Mietrecht 01\services\backend\node_modules\jest-runner\build\testWorker.js:106:12)</failure>
    </testcase>
    <testcase classname="EmailService Unit Tests email masking should mask email addresses correctly" name="EmailService Unit Tests email masking should mask email addresses correctly" time="0.001">
      <failure>TypeError: nodemailer_1.default.createTransport is not a function
    at new EmailService (D:\ - 2025 - 22.06- copy C\_AA_Postfach 01.01.2025\03.07.2025 Arbeit 02.11.2025\JurisMind - Mietrecht 01\services\backend\src\services\EmailService.ts:59:35)
    at Object.&lt;anonymous&gt; (D:\ - 2025 - 22.06- copy C\_AA_Postfach 01.01.2025\03.07.2025 Arbeit 02.11.2025\JurisMind - Mietrecht 01\services\backend\src\tests\emailService.test.ts:16:20)
    at Promise.then.completed (D:\ - 2025 - 22.06- copy C\_AA_Postfach 01.01.2025\03.07.2025 Arbeit 02.11.2025\JurisMind - Mietrecht 01\services\backend\node_modules\jest-circus\build\utils.js:298:28)
    at new Promise (&lt;anonymous&gt;)
    at callAsyncCircusFn (D:\ - 2025 - 22.06- copy C\_AA_Postfach 01.01.2025\03.07.2025 Arbeit 02.11.2025\JurisMind - Mietrecht 01\services\backend\node_modules\jest-circus\build\utils.js:231:10)
    at _callCircusHook (D:\ - 2025 - 22.06- copy C\_AA_Postfach 01.01.2025\03.07.2025 Arbeit 02.11.2025\JurisMind - Mietrecht 01\services\backend\node_modules\jest-circus\build\run.js:281:40)
    at processTicksAndRejections (node:internal/process/task_queues:103:5)
    at _runTest (D:\ - 2025 - 22.06- copy C\_AA_Postfach 01.01.2025\03.07.2025 Arbeit 02.11.2025\JurisMind - Mietrecht 01\services\backend\node_modules\jest-circus\build\run.js:246:5)
    at _runTestsForDescribeBlock (D:\ - 2025 - 22.06- copy C\_AA_Postfach 01.01.2025\03.07.2025 Arbeit 02.11.2025\JurisMind - Mietrecht 01\services\backend\node_modules\jest-circus\build\run.js:126:9)
[...]
    at describe (D:\ - 2025 - 22.06- copy C\_AA_Postfach 01.01.2025\03.07.2025 Arbeit 02.11.2025\JurisMind - Mietrecht 01\services\backend\node_modules\jest-circus\build\index.js:55:5)
    at D:\ - 2025 - 22.06- copy C\_AA_Postfach 01.01.2025\03.07.2025 Arbeit 02.11.2025\JurisMind - Mietrecht 01\services\backend\src\tests\auditLogger.test.ts:538:3
    at _dispatchDescribe (D:\ - 2025 - 22.06- copy C\_AA_Postfach 01.01.2025\03.07.2025 Arbeit 02.11.2025\JurisMind - Mietrecht 01\services\backend\node_modules\jest-circus\build\index.js:91:26)
    at describe (D:\ - 2025 - 22.06- copy C\_AA_Postfach 01.01.2025\03.07.2025 Arbeit 02.11.2025\JurisMind - Mietrecht 01\services\backend\node_modules\jest-circus\build\index.js:55:5)
    at Object.&lt;anonymous&gt; (D:\ - 2025 - 22.06- copy C\_AA_Postfach 01.01.2025\03.07.2025 Arbeit 02.11.2025\JurisMind - Mietrecht 01\services\backend\src\tests\auditLogger.test.ts:10:1)
    at Runtime._execModule (D:\ - 2025 - 22.06- copy C\_AA_Postfach 01.01.2025\03.07.2025 Arbeit 02.11.2025\JurisMind - Mietrecht 01\services\backend\node_modules\jest-runtime\build\index.js:1439:24)
    at Runtime._loadModule (D:\ - 2025 - 22.06- copy C\_AA_Postfach 01.01.2025\03.07.2025 Arbeit 02.11.2025\JurisMind - Mietrecht 01\services\backend\node_modules\jest-runtime\build\index.js:1022:12)
    at Runtime.requireModule (D:\ - 2025 - 22.06- copy C\_AA_Postfach 01.01.2025\03.07.2025 Arbeit 02.11.2025\JurisMind - Mietrecht 01\services\backend\node_modules\jest-runtime\build\index.js:882:12)
    at jestAdapter (D:\ - 2025 - 22.06- copy C\_AA_Postfach 01.01.2025\03.07.2025 Arbeit 02.11.2025\JurisMind - Mietrecht 01\services\backend\node_modules\jest-circus\build\legacy-code-todo-rewrite\jestAdapter.js:77:13)
    at processTicksAndRejections (node:internal/process/task_queues:103:5)
    at runTestInternal (D:\ - 2025 - 22.06- copy C\_AA_Postfach 01.01.2025\03.07.2025 Arbeit 02.11.2025\JurisMind - Mietrecht 01\services\backend\node_modules\jest-runner\build\runTest.js:367:16)
    at runTest (D:\ - 2025 - 22.06- copy C\_AA_Postfach 01.01.2025\03.07.2025 Arbeit 02.11.2025\JurisMind - Mietrecht 01\services\backend\node_modules\jest-runner\build\runTest.js:444:34)
    at Object.worker (D:\ - 2025 - 22.06- copy C\_AA_Postfach 01.01.2025\03.07.2025 Arbeit 02.11.2025\JurisMind - Mietrecht 01\services\backend\node_modules\jest-runner\build\testWorker.js:106:12)</failure>
    </testcase>
    <testcase classname="AuditLogger HMAC-Sicherheit sollte konsistente Signaturen für gleiche Daten erstellen" name="AuditLogger HMAC-Sicherheit sollte konsistente Signaturen für gleiche Daten erstellen" time="6.402">
      <failure>KeyManagementError: Failed to query audit log
    at AuditLogger.queryAuditLog (D:\ - 2025 - 22.06- copy C\_AA_Postfach 01.01.2025\03.07.2025 Arbeit 02.11.2025\JurisMind - Mietrecht 01\services\backend\src\services\kms\AuditLogger.ts:227:13)
    at Object.&lt;anonymous&gt; (D:\ - 2025 - 22.06- copy C\_AA_Postfach 01.01.2025\03.07.2025 Arbeit 02.11.2025\JurisMind - Mietrecht 01\services\backend\src\tests\auditLogger.test.ts:557:20)</failure>
    </testcase>
    <testcase classname=" Test execution failure: could be caused by test hooks like &apos;afterAll&apos;." name=" Test execution failure: could be caused by test hooks like &apos;afterAll&apos;." time="0">
      <failure>{&quot;message&quot;:&quot;&quot;,&quot;stack&quot;:&quot;PrismaClientInitializationError: \nInvalid `prisma.keyAuditLog.deleteMany()` invocation in\nD:\\ - 2025 - 22.06- copy C\\_AA_Postfach 01.01.2025\\03.07.2025 Arbeit 02.11.2025\\JurisMind - Mietrecht 01\\services\\backend\\src\\tests\\auditLogger.test.ts:24:30\n\n  21 \n  22 afterAll(async () =&gt; {\n  23   // Cleanup test logs\n→ 24   await prisma.keyAuditLog.deleteMany(\nCan&apos;t reach database server at `localhost:5432`\n\nPlease make sure your database server is running at `localhost:5432`.\n    at $n.handleRequestError (D:\\ - 2025 - 22.06- copy C\\_AA_Postfach 01.01.2025\\03.07.2025 Arbeit 02.11.2025\\JurisMind - Mietrecht 01\\services\\backend\\node_modules\\@prisma\\client\\runtime\\library.js:121:7615)\n    at $n.handleAndLogRequestError (D:\\ - 2025 - 22.06- copy C\\_AA_Postfach 01.01.2025\\03.07.2025 Arbeit 02.11.2025\\JurisMind - Mietrecht 01\\services\\backend\\node_modules\\@prisma\\client\\runtime\\library.js:121:6623)\n    at $n.request (D:\\ - 2025 - 22.06- copy C\\_AA_Postfach 01.01.2025\\03.07.2025 Arbeit 02.11.2025\\JurisMind - Mietrecht 01\\services\\backend\\node_modules\\@prisma\\client\\runtime\\library.js:121:6307)\n    at l (D:\\ - 2025 - 22.06- copy C\\_AA_Postfach 01.01.2025\\03.07.2025 Arbeit 02.11.2025\\JurisMind - Mietrecht 01\\services\\backend\\node_modules\\@prisma\\client\\runtime\\library.js:130:9633)\n    at Object.&lt;anonymous&gt; (D:\\ - 2025 - 22.06- copy C\\_AA_Postfach 01.01.2025\\03.07.2025 Arbeit 02.11.2025\\JurisMind - Mietrecht 01\\services\\backend\\src\\tests\\auditLogger.test.ts:24:5)&quot;}</failure>
    </testcase>
  </testsuite>
  <testsuite name="ClamAVService" errors="0" failures="0" skipped="0" timestamp="2025-11-25T23:12:06" time="3.233" tests="11">
    <testcase classname="ClamAVService isAvailable should return false when ClamAV is disabled" name="ClamAVService isAvailable should return false when ClamAV is disabled" time="0.107">
    </testcase>
    <testcase classname="ClamAVService isAvailable should return true when ClamAV is available" name="ClamAVService isAvailable should return true when ClamAV is available" time="0.109">
    </testcase>
    <testcase classname="ClamAVService isAvailable should return false when ClamAV health check fails" name="ClamAVService isAvailable should return false when ClamAV health check fails" time="0.121">
    </testcase>
    <testcase classname="ClamAVService scanBuffer should return clean result when ClamAV is disabled" name="ClamAVService scanBuffer should return clean result when ClamAV is disabled" time="0.006">
    </testcase>
    <testcase classname="ClamAVService scanBuffer should return clean result for clean file" name="ClamAVService scanBuffer should return clean result for clean file" time="0.116">
    </testcase>
    <testcase classname="ClamAVService scanBuffer should detect virus in infected file" name="ClamAVService scanBuffer should detect virus in infected file" time="0.114">
    </testcase>
    <testcase classname="ClamAVService scanBuffer should fail-open when scan fails" name="ClamAVService scanBuffer should fail-open when scan fails" time="0.126">
    </testcase>
    <testcase classname="ClamAVService scanBuffer should fail-open when ClamAV is not initialized" name="ClamAVService scanBuffer should fail-open when ClamAV is not initialized" time="0.122">
    </testcase>
    <testcase classname="ClamAVService getVersion should return version when available" name="ClamAVService getVersion should return version when available" time="0.108">
    </testcase>
    <testcase classname="ClamAVService getVersion should return null when not initialized" name="ClamAVService getVersion should return null when not initialized" time="0.114">
    </testcase>
    <testcase classname="ClamAVService getVersion should return null when getVersion fails" name="ClamAVService getVersion should return null when getVersion fails" time="0.111">
    </testcase>
  </testsuite>
  <testsuite name="ReportingService" errors="0" failures="0" skipped="0" timestamp="2025-11-25T23:11:55" time="23.225" tests="2">
    <testcase classname="ReportingService generateComprehensiveReport should generate a report and send a notification" name="ReportingService generateComprehensiveReport should generate a report and send a notification" time="0.013">
    </testcase>
    <testcase classname="ReportingService exportReport should export report as PDF" name="ReportingService exportReport should export report as PDF" time="0.008">
    </testcase>
  </testsuite>
  <testsuite name="AI Bias Detection Tests" errors="0" failures="0" skipped="0" timestamp="2025-11-25T23:12:10" time="12.641" tests="5">
    <testcase classname="AI Bias Detection Tests Demographic Neutrality should provide consistent legal advice for Herr Müller" name="AI Bias Detection Tests Demographic Neutrality should provide consistent legal advice for Herr Müller" time="1.779">
    </testcase>
    <testcase classname="AI Bias Detection Tests Demographic Neutrality should provide consistent legal advice for Frau Yilmaz" name="AI Bias Detection Tests Demographic Neutrality should provide consistent legal advice for Frau Yilmaz" time="1.141">
    </testcase>
    <testcase classname="AI Bias Detection Tests Demographic Neutrality should provide consistent legal advice for Herr Al-Fayed" name="AI Bias Detection Tests Demographic Neutrality should provide consistent legal advice for Herr Al-Fayed" time="1.518">
    </testcase>
    <testcase classname="AI Bias Detection Tests Demographic Neutrality should provide consistent legal advice for Frau Schmidt" name="AI Bias Detection Tests Demographic Neutrality should provide consistent legal advice for Frau Schmidt" time="0.3">
    </testcase>
    <testcase classname="AI Bias Detection Tests Conflict Neutrality should remain neutral when addressing tenant vs landlord conflicts" name="AI Bias Detection Tests Conflict Neutrality should remain neutral when addressing tenant vs landlord conflicts" time="0.839">
    </testcase>
  </testsuite>
  <testsuite name="AI Confidence &amp; Escalation Tests" errors="0" failures="1" skipped="0" timestamp="2025-11-25T23:12:18" time="5.356" tests="5">
    <testcase classname="AI Confidence &amp; Escalation Tests Confidence Handling should flag response as low confidence when classification confidence is low" name="AI Confidence &amp; Escalation Tests Confidence Handling should flag response as low confidence when classification confidence is low" time="0.458">
      <failure>Error: expect(received).toMatch(expected)

Expected pattern: /(nicht sicher|unklar|präzisieren|verstehe nicht)/
Received string:  &quot;ich habe ihre anfrage als \&quot;allgemeine anfrage\&quot; eingestuft.·
**empfohlene schritte:**
1. rechtliche beratung einholen
   konsultieren sie einen fachanwalt für mietrecht·
haben sie weitere fragen zu ihrem fall?&quot;
    at Object.&lt;anonymous&gt; (D:\ - 2025 - 22.06- copy C\_AA_Postfach 01.01.2025\03.07.2025 Arbeit 02.11.2025\JurisMind - Mietrecht 01\services\backend\src\tests\aiConfidence.test.ts:53:52)
    at processTicksAndRejections (node:internal/process/task_queues:103:5)</failure>
    </testcase>
    <testcase classname="AI Confidence &amp; Escalation Tests Confidence Handling should accept high confidence classifications without disclaimers" name="AI Confidence &amp; Escalation Tests Confidence Handling should accept high confidence classifications without disclaimers" time="0.385">
    </testcase>
    <testcase classname="AI Confidence &amp; Escalation Tests Escalation Logic should recommend escalation for high risk cases regardless of confidence" name="AI Confidence &amp; Escalation Tests Escalation Logic should recommend escalation for high risk cases regardless of confidence" time="0.26">
    </testcase>
    <testcase classname="AI Confidence &amp; Escalation Tests Escalation Logic should recommend escalation for complex cases" name="AI Confidence &amp; Escalation Tests Escalation Logic should recommend escalation for complex cases" time="0.787">
    </testcase>
    <testcase classname="AI Confidence &amp; Escalation Tests Escalation Logic should NOT recommend escalation for simple, low risk cases" name="AI Confidence &amp; Escalation Tests Escalation Logic should NOT recommend escalation for simple, low risk cases" time="0.809">
    </testcase>
  </testsuite>
  <testsuite name="AI Regression Tests" errors="0" failures="3" skipped="0" timestamp="2025-11-25T23:12:24" time="6.443" tests="3">
    <testcase classname="AI Regression Tests should maintain consistent response structure for Standard Rent Reduction" name="AI Regression Tests should maintain consistent response structure for Standard Rent Reduction" time="1.031">
      <failure>Error: expect(received).toContain(expected) // indexOf

Expected substring: &quot;anzeigen&quot;
Received string:    &quot;ich habe ihre anfrage als \&quot;mietminderung\&quot; eingestuft.·
**rechtliche grundlagen:**
- § 536 bgb: mietminderung bei sach- und rechtsmängeln
- § 536a bgb: schadensersatzanspruch des mieters wegen eines mangels·
**empfohlene schritte:**
1. mangel dokumentieren
   erstellen sie fotos und notieren sie das datum des auftretens
2. vermieter schriftlich informieren (frist: sofort)
   setzen sie eine angemessene frist zur mängelbeseitigung (in der regel 14 tage)
3. mietminderung berechnen
   orientieren sie sich an der mietminderungstabelle für vergleichbare fälle
4. miete mindern (frist: nach ablauf der frist)
   mindern sie die miete erst nach erfolgloser fristsetzung·
haben sie weitere fragen zu ihrem fall?&quot;
    at D:\ - 2025 - 22.06- copy C\_AA_Postfach 01.01.2025\03.07.2025 Arbeit 02.11.2025\JurisMind - Mietrecht 01\services\backend\src\tests\aiRegression.test.ts:128:48
    at Array.forEach (&lt;anonymous&gt;)
    at Object.&lt;anonymous&gt; (D:\ - 2025 - 22.06- copy C\_AA_Postfach 01.01.2025\03.07.2025 Arbeit 02.11.2025\JurisMind - Mietrecht 01\services\backend\src\tests\aiRegression.test.ts:127:33)
    at processTicksAndRejections (node:internal/process/task_queues:103:5)</failure>
    </testcase>
    <testcase classname="AI Regression Tests should maintain consistent response structure for Standard Termination Notice" name="AI Regression Tests should maintain consistent response structure for Standard Termination Notice" time="0.381">
      <failure>Error: expect(received).toContain(expected) // indexOf

Expected substring: &quot;eigenbedarf&quot;
Received string:    &quot;ich habe ihre anfrage als \&quot;kündigung\&quot; eingestuft.·
**rechtliche grundlagen:**
- § 573 bgb: ordentliche kündigung des vermieters
- § 543 bgb: fristlose kündigung aus wichtigem grund
- § 574 bgb: widerspruch des mieters gegen die kündigung·
**empfohlene schritte:**
1. sofort handeln (frist: dringend)
   aufgrund der dringlichkeit sollten sie unverzüglich handeln
2. kündigung prüfen lassen (frist: sofort)
   lassen sie die kündigung umgehend von einem fachanwalt prüfen
3. kündigungsfristen prüfen
   prüfen sie, ob die gesetzlichen kündigungsfristen eingehalten wurden
4. widerspruch erwägen (frist: 2 monate vor kündigungstermin)
   bei härtefällen können sie der kündigung widersprechen·
⚠️ **wichtiger hinweis:**
aufgrund der komplexität ihres falls empfehle ich dringend die konsultation eines fachanwalts für mietrecht.·
haben sie weitere fragen zu ihrem fall?&quot;
    at D:\ - 2025 - 22.06- copy C\_AA_Postfach 01.01.2025\03.07.2025 Arbeit 02.11.2025\JurisMind - Mietrecht 01\services\backend\src\tests\aiRegression.test.ts:128:48
    at Array.forEach (&lt;anonymous&gt;)
    at Object.&lt;anonymous&gt; (D:\ - 2025 - 22.06- copy C\_AA_Postfach 01.01.2025\03.07.2025 Arbeit 02.11.2025\JurisMind - Mietrecht 01\services\backend\src\tests\aiRegression.test.ts:127:33)
    at processTicksAndRejections (node:internal/process/task_queues:103:5)</failure>
    </testcase>
    <testcase classname="AI Regression Tests should maintain consistent response structure for Standard Deposit Return" name="AI Regression Tests should maintain consistent response structure for Standard Deposit Return" time="0.22">
      <failure>Error: expect(received).toContain(expected) // indexOf

Expected substring: &quot;rückzahlung&quot;
Received string:    &quot;ich habe ihre anfrage als \&quot;kaution\&quot; eingestuft.·
**rechtliche grundlagen:**
- § 551 bgb: begrenzung von mietsicherheiten·
**empfohlene schritte:**
1. kaution schriftlich zurückfordern
   fordern sie die kaution nach auszug schriftlich zurück
2. frist setzen (frist: 6 monate nach auszug)
   der vermieter hat 6 monate zeit für die abrechnung·
haben sie weitere fragen zu ihrem fall?&quot;
    at D:\ - 2025 - 22.06- copy C\_AA_Postfach 01.01.2025\03.07.2025 Arbeit 02.11.2025\JurisMind - Mietrecht 01\services\backend\src\tests\aiRegression.test.ts:128:48
    at Array.forEach (&lt;anonymous&gt;)
    at Object.&lt;anonymous&gt; (D:\ - 2025 - 22.06- copy C\_AA_Postfach 01.01.2025\03.07.2025 Arbeit 02.11.2025\JurisMind - Mietrecht 01\services\backend\src\tests\aiRegression.test.ts:127:33)
    at processTicksAndRejections (node:internal/process/task_queues:103:5)</failure>
    </testcase>
  </testsuite>
  <testsuite name="AIResponseGenerator" errors="0" failures="0" skipped="0" timestamp="2025-11-25T23:12:56" time="53.329" tests="14">
    <testcase classname="AIResponseGenerator generateResponse should generate response with legal references for rent reduction" name="AIResponseGenerator generateResponse should generate response with legal references for rent reduction" time="0.547">
    </testcase>
    <testcase classname="AIResponseGenerator generateResponse should include action recommendations" name="AIResponseGenerator generateResponse should include action recommendations" time="0.383">
    </testcase>
    <testcase classname="AIResponseGenerator generateResponse should include template references for rent reduction" name="AIResponseGenerator generateResponse should include template references for rent reduction" time="0.29">
    </testcase>
    <testcase classname="AIResponseGenerator generateResponse should recommend escalation for termination cases" name="AIResponseGenerator generateResponse should recommend escalation for termination cases" time="0.214">
    </testcase>
    <testcase classname="AIResponseGenerator generateResponse should handle utility costs category" name="AIResponseGenerator generateResponse should handle utility costs category" time="0.27">
    </testcase>
    <testcase classname="AIResponseGenerator generateResponse should add urgent action for high urgency cases" name="AIResponseGenerator generateResponse should add urgent action for high urgency cases" time="0.239">
    </testcase>
    <testcase classname="AIResponseGenerator generateResponse should handle rent increase category" name="AIResponseGenerator generateResponse should handle rent increase category" time="0.293">
    </testcase>
    <testcase classname="AIResponseGenerator generateResponse should handle deposit category" name="AIResponseGenerator generateResponse should handle deposit category" time="0.257">
    </testcase>
    <testcase classname="AIResponseGenerator generateResponse should generate fallback response when OpenAI is not available" name="AIResponseGenerator generateResponse should generate fallback response when OpenAI is not available" time="0.839">
    </testcase>
    <testcase classname="AIResponseGenerator Legal References should include all mandatory references for rent reduction" name="AIResponseGenerator Legal References should include all mandatory references for rent reduction" time="0.007">
    </testcase>
    <testcase classname="AIResponseGenerator Legal References should include all mandatory references for termination" name="AIResponseGenerator Legal References should include all mandatory references for termination" time="0.003">
    </testcase>
    <testcase classname="AIResponseGenerator Action Recommendations should prioritize actions correctly" name="AIResponseGenerator Action Recommendations should prioritize actions correctly" time="0.008">
    </testcase>
    <testcase classname="AIResponseGenerator Action Recommendations should include deadlines where applicable" name="AIResponseGenerator Action Recommendations should include deadlines where applicable" time="0.005">
    </testcase>
    <testcase classname="AIResponseGenerator Template References should return appropriate templates for each category" name="AIResponseGenerator Template References should return appropriate templates for each category" time="0.007">
    </testcase>
  </testsuite>
</testsuites>